The target system is: Buildroot - 1 - aarch64
The host system is: Linux - 6.5.5-1-MANJARO - x86_64
Compiling the C compiler identification source file "CMakeCCompilerId.c" succeeded.
Compiler: /home/gabriel/Desktop/buildroot-clone/buildroot/output/host/bin/aarch64-buildroot-linux-gnu-gcc 
Build flags: -D_LARGEFILE_SOURCE;-D_LARGEFILE64_SOURCE;-D_FILE_OFFSET_BITS=64;-Os;-g0;-D_FORTIFY_SOURCE=1
Id flags:  

The output was:
0


Compilation of the C compiler identification source "CMakeCCompilerId.c" produced "a.out"

The C compiler identification is GNU, found in "/home/gabriel/Desktop/buildroot-clone/buildroot/output/build/rknpu2-v1.4.0/examples/rknn_yolov5_demo/CMakeFiles/3.22.3/CompilerIdC/a.out"

Compiling the CXX compiler identification source file "CMakeCXXCompilerId.cpp" succeeded.
Compiler: /home/gabriel/Desktop/buildroot-clone/buildroot/output/host/bin/aarch64-buildroot-linux-gnu-g++ 
Build flags: -D_LARGEFILE_SOURCE;-D_LARGEFILE64_SOURCE;-D_FILE_OFFSET_BITS=64;-Os;-g0;-D_FORTIFY_SOURCE=1
Id flags:  

The output was:
0


Compilation of the CXX compiler identification source "CMakeCXXCompilerId.cpp" produced "a.out"

The CXX compiler identification is GNU, found in "/home/gabriel/Desktop/buildroot-clone/buildroot/output/build/rknpu2-v1.4.0/examples/rknn_yolov5_demo/CMakeFiles/3.22.3/CompilerIdCXX/a.out"

Detecting C compiler ABI info compiled with the following output:
Change Dir: /home/gabriel/Desktop/buildroot-clone/buildroot/output/build/rknpu2-v1.4.0/examples/rknn_yolov5_demo/CMakeFiles/CMakeTmp

Run Build Command(s):/usr/bin/make -f Makefile cmTC_84b66/fast && make[2]: Entering directory '/home/gabriel/Desktop/buildroot-clone/buildroot/output/build/rknpu2-v1.4.0/examples/rknn_yolov5_demo/CMakeFiles/CMakeTmp'
/usr/bin/make  -f CMakeFiles/cmTC_84b66.dir/build.make CMakeFiles/cmTC_84b66.dir/build
make[3]: Entering directory '/home/gabriel/Desktop/buildroot-clone/buildroot/output/build/rknpu2-v1.4.0/examples/rknn_yolov5_demo/CMakeFiles/CMakeTmp'
Building C object CMakeFiles/cmTC_84b66.dir/CMakeCCompilerABI.c.o
/home/gabriel/Desktop/buildroot-clone/buildroot/output/host/bin/aarch64-buildroot-linux-gnu-gcc --sysroot=/home/gabriel/Desktop/buildroot-clone/buildroot/output/host/aarch64-buildroot-linux-gnu/sysroot   -D_LARGEFILE_SOURCE -D_LARGEFILE64_SOURCE -D_FILE_OFFSET_BITS=64 -Os -g0 -D_FORTIFY_SOURCE=1   -DNDEBUG   -v -o CMakeFiles/cmTC_84b66.dir/CMakeCCompilerABI.c.o -c /home/gabriel/Desktop/buildroot-clone/buildroot/output/host/share/cmake-3.22/Modules/CMakeCCompilerABI.c
Using built-in specs.
COLLECT_GCC=/home/gabriel/Desktop/buildroot-clone/buildroot/output/host/bin/aarch64-buildroot-linux-gnu-gcc.br_real
Target: aarch64-buildroot-linux-gnu
Configured with: ./configure --prefix=/home/gabriel/Desktop/buildroot-clone/buildroot/output/host --sysconfdir=/home/gabriel/Desktop/buildroot-clone/buildroot/output/host/etc --enable-static --target=aarch64-buildroot-linux-gnu --with-sysroot=/home/gabriel/Desktop/buildroot-clone/buildroot/output/host/aarch64-buildroot-linux-gnu/sysroot --enable-__cxa_atexit --with-gnu-ld --disable-libssp --disable-multilib --disable-decimal-float --enable-plugins --enable-lto --with-gmp=/home/gabriel/Desktop/buildroot-clone/buildroot/output/host --with-mpc=/home/gabriel/Desktop/buildroot-clone/buildroot/output/host --with-mpfr=/home/gabriel/Desktop/buildroot-clone/buildroot/output/host --with-pkgversion='Buildroot 2022.08.2' --with-bugurl=http://bugs.buildroot.net/ --without-zstd --disable-libquadmath --disable-libquadmath-support --enable-tls --enable-threads --without-isl --without-cloog --with-abi=lp64 --with-cpu=cortex-a55 --enable-languages=c,c++ --with-build-time-tools=/home/gabriel/Desktop/buildroot-clone/buildroot/output/host/aarch64-buildroot-linux-gnu/bin --enable-shared --disable-libgomp
Thread model: posix
Supported LTO compression algorithms: zlib
gcc version 11.3.0 (Buildroot 2022.08.2) 
COLLECT_GCC_OPTIONS='-fstack-protector-strong' '-fPIE' '-pie' '-D' '_LARGEFILE_SOURCE' '-D' '_LARGEFILE64_SOURCE' '-D' '_FILE_OFFSET_BITS=64' '-Os' '-g0' '-D' '_FORTIFY_SOURCE=1' '-D' 'NDEBUG' '-v' '-o' 'CMakeFiles/cmTC_84b66.dir/CMakeCCompilerABI.c.o' '-c' '-mcpu=cortex-a55' '-mlittle-endian' '-mabi=lp64' '-dumpdir' 'CMakeFiles/cmTC_84b66.dir/'
 /home/gabriel/Desktop/buildroot-clone/buildroot/output/host/libexec/gcc/aarch64-buildroot-linux-gnu/11.3.0/cc1 -quiet -v -isysroot /home/gabriel/Desktop/buildroot-clone/buildroot/output/host/aarch64-buildroot-linux-gnu/sysroot -D _LARGEFILE_SOURCE -D _LARGEFILE64_SOURCE -D _FILE_OFFSET_BITS=64 -D _FORTIFY_SOURCE=1 -D NDEBUG /home/gabriel/Desktop/buildroot-clone/buildroot/output/host/share/cmake-3.22/Modules/CMakeCCompilerABI.c -quiet -dumpdir CMakeFiles/cmTC_84b66.dir/ -dumpbase CMakeCCompilerABI.c.c -dumpbase-ext .c -mcpu=cortex-a55 -mlittle-endian -mabi=lp64 -g0 -Os -version -fstack-protector-strong -fPIE -o /tmp/ccUdiWgD.s
GNU C17 (Buildroot 2022.08.2) version 11.3.0 (aarch64-buildroot-linux-gnu)
	compiled by GNU C version 13.2.1 20230801, GMP version 6.2.1, MPFR version 4.1.0, MPC version 1.2.1, isl version none
GGC heuristics: --param ggc-min-expand=100 --param ggc-min-heapsize=131072
ignoring nonexistent directory "/home/gabriel/Desktop/buildroot-clone/buildroot/output/host/aarch64-buildroot-linux-gnu/sysroot/usr/local/include"
#include "..." search starts here:
#include <...> search starts here:
 /home/gabriel/Desktop/buildroot-clone/buildroot/output/host/lib/gcc/aarch64-buildroot-linux-gnu/11.3.0/include
 /home/gabriel/Desktop/buildroot-clone/buildroot/output/host/lib/gcc/aarch64-buildroot-linux-gnu/11.3.0/include-fixed
 /home/gabriel/Desktop/buildroot-clone/buildroot/output/host/lib/gcc/aarch64-buildroot-linux-gnu/11.3.0/../../../../aarch64-buildroot-linux-gnu/include
 /home/gabriel/Desktop/buildroot-clone/buildroot/output/host/aarch64-buildroot-linux-gnu/sysroot/usr/include
End of search list.
GNU C17 (Buildroot 2022.08.2) version 11.3.0 (aarch64-buildroot-linux-gnu)
	compiled by GNU C version 13.2.1 20230801, GMP version 6.2.1, MPFR version 4.1.0, MPC version 1.2.1, isl version none
GGC heuristics: --param ggc-min-expand=100 --param ggc-min-heapsize=131072
Compiler executable checksum: 6a0ee40313997a8814a2674fca10a728
COLLECT_GCC_OPTIONS='-fstack-protector-strong' '-fPIE' '-pie' '-D' '_LARGEFILE_SOURCE' '-D' '_LARGEFILE64_SOURCE' '-D' '_FILE_OFFSET_BITS=64' '-Os' '-g0' '-D' '_FORTIFY_SOURCE=1' '-D' 'NDEBUG' '-v' '-o' 'CMakeFiles/cmTC_84b66.dir/CMakeCCompilerABI.c.o' '-c' '-mcpu=cortex-a55' '-mlittle-endian' '-mabi=lp64' '-dumpdir' 'CMakeFiles/cmTC_84b66.dir/'
 /home/gabriel/Desktop/buildroot-clone/buildroot/output/host/lib/gcc/aarch64-buildroot-linux-gnu/11.3.0/../../../../aarch64-buildroot-linux-gnu/bin/as -v -EL -march=armv8.2-a+fp16+rcpc+dotprod -mabi=lp64 -o CMakeFiles/cmTC_84b66.dir/CMakeCCompilerABI.c.o /tmp/ccUdiWgD.s
GNU assembler version 2.37 (aarch64-buildroot-linux-gnu) using BFD version (GNU Binutils) 2.37
COMPILER_PATH=/home/gabriel/Desktop/buildroot-clone/buildroot/output/host/libexec/gcc/aarch64-buildroot-linux-gnu/11.3.0/:/home/gabriel/Desktop/buildroot-clone/buildroot/output/host/libexec/gcc/aarch64-buildroot-linux-gnu/11.3.0/:/home/gabriel/Desktop/buildroot-clone/buildroot/output/host/libexec/gcc/aarch64-buildroot-linux-gnu/:/home/gabriel/Desktop/buildroot-clone/buildroot/output/host/lib/gcc/aarch64-buildroot-linux-gnu/11.3.0/:/home/gabriel/Desktop/buildroot-clone/buildroot/output/host/lib/gcc/aarch64-buildroot-linux-gnu/:/home/gabriel/Desktop/buildroot-clone/buildroot/output/host/lib/gcc/aarch64-buildroot-linux-gnu/11.3.0/../../../../aarch64-buildroot-linux-gnu/bin/
LIBRARY_PATH=/home/gabriel/Desktop/buildroot-clone/buildroot/output/host/lib/gcc/aarch64-buildroot-linux-gnu/11.3.0/:/home/gabriel/Desktop/buildroot-clone/buildroot/output/host/lib/gcc/aarch64-buildroot-linux-gnu/11.3.0/../../../../aarch64-buildroot-linux-gnu/lib/../lib64/:/home/gabriel/Desktop/buildroot-clone/buildroot/output/host/aarch64-buildroot-linux-gnu/sysroot/lib/../lib64/:/home/gabriel/Desktop/buildroot-clone/buildroot/output/host/aarch64-buildroot-linux-gnu/sysroot/usr/lib/../lib64/:/home/gabriel/Desktop/buildroot-clone/buildroot/output/host/lib/gcc/aarch64-buildroot-linux-gnu/11.3.0/../../../../aarch64-buildroot-linux-gnu/lib/:/home/gabriel/Desktop/buildroot-clone/buildroot/output/host/aarch64-buildroot-linux-gnu/sysroot/lib/:/home/gabriel/Desktop/buildroot-clone/buildroot/output/host/aarch64-buildroot-linux-gnu/sysroot/usr/lib/
COLLECT_GCC_OPTIONS='-fstack-protector-strong' '-fPIE' '-pie' '-D' '_LARGEFILE_SOURCE' '-D' '_LARGEFILE64_SOURCE' '-D' '_FILE_OFFSET_BITS=64' '-Os' '-g0' '-D' '_FORTIFY_SOURCE=1' '-D' 'NDEBUG' '-v' '-o' 'CMakeFiles/cmTC_84b66.dir/CMakeCCompilerABI.c.o' '-c' '-mcpu=cortex-a55' '-mlittle-endian' '-mabi=lp64' '-dumpdir' 'CMakeFiles/cmTC_84b66.dir/CMakeCCompilerABI.c.'
Linking C executable cmTC_84b66
/home/gabriel/Desktop/buildroot-clone/buildroot/output/host/bin/cmake -E cmake_link_script CMakeFiles/cmTC_84b66.dir/link.txt --verbose=1
/home/gabriel/Desktop/buildroot-clone/buildroot/output/host/bin/aarch64-buildroot-linux-gnu-gcc --sysroot=/home/gabriel/Desktop/buildroot-clone/buildroot/output/host/aarch64-buildroot-linux-gnu/sysroot -D_LARGEFILE_SOURCE -D_LARGEFILE64_SOURCE -D_FILE_OFFSET_BITS=64 -Os -g0 -D_FORTIFY_SOURCE=1   -DNDEBUG  -v CMakeFiles/cmTC_84b66.dir/CMakeCCompilerABI.c.o -o cmTC_84b66 
Using built-in specs.
COLLECT_GCC=/home/gabriel/Desktop/buildroot-clone/buildroot/output/host/bin/aarch64-buildroot-linux-gnu-gcc.br_real
COLLECT_LTO_WRAPPER=/home/gabriel/Desktop/buildroot-clone/buildroot/output/host/libexec/gcc/aarch64-buildroot-linux-gnu/11.3.0/lto-wrapper
Target: aarch64-buildroot-linux-gnu
Configured with: ./configure --prefix=/home/gabriel/Desktop/buildroot-clone/buildroot/output/host --sysconfdir=/home/gabriel/Desktop/buildroot-clone/buildroot/output/host/etc --enable-static --target=aarch64-buildroot-linux-gnu --with-sysroot=/home/gabriel/Desktop/buildroot-clone/buildroot/output/host/aarch64-buildroot-linux-gnu/sysroot --enable-__cxa_atexit --with-gnu-ld --disable-libssp --disable-multilib --disable-decimal-float --enable-plugins --enable-lto --with-gmp=/home/gabriel/Desktop/buildroot-clone/buildroot/output/host --with-mpc=/home/gabriel/Desktop/buildroot-clone/buildroot/output/host --with-mpfr=/home/gabriel/Desktop/buildroot-clone/buildroot/output/host --with-pkgversion='Buildroot 2022.08.2' --with-bugurl=http://bugs.buildroot.net/ --without-zstd --disable-libquadmath --disable-libquadmath-support --enable-tls --enable-threads --without-isl --without-cloog --with-abi=lp64 --with-cpu=cortex-a55 --enable-languages=c,c++ --with-build-time-tools=/home/gabriel/Desktop/buildroot-clone/buildroot/output/host/aarch64-buildroot-linux-gnu/bin --enable-shared --disable-libgomp
Thread model: posix
Supported LTO compression algorithms: zlib
gcc version 11.3.0 (Buildroot 2022.08.2) 
COMPILER_PATH=/home/gabriel/Desktop/buildroot-clone/buildroot/output/host/libexec/gcc/aarch64-buildroot-linux-gnu/11.3.0/:/home/gabriel/Desktop/buildroot-clone/buildroot/output/host/libexec/gcc/aarch64-buildroot-linux-gnu/11.3.0/:/home/gabriel/Desktop/buildroot-clone/buildroot/output/host/libexec/gcc/aarch64-buildroot-linux-gnu/:/home/gabriel/Desktop/buildroot-clone/buildroot/output/host/lib/gcc/aarch64-buildroot-linux-gnu/11.3.0/:/home/gabriel/Desktop/buildroot-clone/buildroot/output/host/lib/gcc/aarch64-buildroot-linux-gnu/:/home/gabriel/Desktop/buildroot-clone/buildroot/output/host/lib/gcc/aarch64-buildroot-linux-gnu/11.3.0/../../../../aarch64-buildroot-linux-gnu/bin/
LIBRARY_PATH=/home/gabriel/Desktop/buildroot-clone/buildroot/output/host/lib/gcc/aarch64-buildroot-linux-gnu/11.3.0/:/home/gabriel/Desktop/buildroot-clone/buildroot/output/host/lib/gcc/aarch64-buildroot-linux-gnu/11.3.0/../../../../aarch64-buildroot-linux-gnu/lib/../lib64/:/home/gabriel/Desktop/buildroot-clone/buildroot/output/host/aarch64-buildroot-linux-gnu/sysroot/lib/../lib64/:/home/gabriel/Desktop/buildroot-clone/buildroot/output/host/aarch64-buildroot-linux-gnu/sysroot/usr/lib/../lib64/:/home/gabriel/Desktop/buildroot-clone/buildroot/output/host/lib/gcc/aarch64-buildroot-linux-gnu/11.3.0/../../../../aarch64-buildroot-linux-gnu/lib/:/home/gabriel/Desktop/buildroot-clone/buildroot/output/host/aarch64-buildroot-linux-gnu/sysroot/lib/:/home/gabriel/Desktop/buildroot-clone/buildroot/output/host/aarch64-buildroot-linux-gnu/sysroot/usr/lib/
COLLECT_GCC_OPTIONS='-fstack-protector-strong' '-fPIE' '-pie' '-D' '_LARGEFILE_SOURCE' '-D' '_LARGEFILE64_SOURCE' '-D' '_FILE_OFFSET_BITS=64' '-Os' '-g0' '-D' '_FORTIFY_SOURCE=1' '-D' 'NDEBUG' '-v' '-o' 'cmTC_84b66' '-mcpu=cortex-a55' '-mlittle-endian' '-mabi=lp64' '-dumpdir' 'cmTC_84b66.'
 /home/gabriel/Desktop/buildroot-clone/buildroot/output/host/libexec/gcc/aarch64-buildroot-linux-gnu/11.3.0/collect2 -plugin /home/gabriel/Desktop/buildroot-clone/buildroot/output/host/libexec/gcc/aarch64-buildroot-linux-gnu/11.3.0/liblto_plugin.so -plugin-opt=/home/gabriel/Desktop/buildroot-clone/buildroot/output/host/libexec/gcc/aarch64-buildroot-linux-gnu/11.3.0/lto-wrapper -plugin-opt=-fresolution=/tmp/cc4XYcKl.res -plugin-opt=-pass-through=-lgcc -plugin-opt=-pass-through=-lgcc_s -plugin-opt=-pass-through=-lc -plugin-opt=-pass-through=-lgcc -plugin-opt=-pass-through=-lgcc_s --sysroot=/home/gabriel/Desktop/buildroot-clone/buildroot/output/host/aarch64-buildroot-linux-gnu/sysroot --eh-frame-hdr -dynamic-linker /lib/ld-linux-aarch64.so.1 -X -EL -maarch64linux -pie -o cmTC_84b66 /home/gabriel/Desktop/buildroot-clone/buildroot/output/host/aarch64-buildroot-linux-gnu/sysroot/usr/lib/../lib64/Scrt1.o /home/gabriel/Desktop/buildroot-clone/buildroot/output/host/aarch64-buildroot-linux-gnu/sysroot/usr/lib/../lib64/crti.o /home/gabriel/Desktop/buildroot-clone/buildroot/output/host/lib/gcc/aarch64-buildroot-linux-gnu/11.3.0/crtbeginS.o -L/home/gabriel/Desktop/buildroot-clone/buildroot/output/host/lib/gcc/aarch64-buildroot-linux-gnu/11.3.0 -L/home/gabriel/Desktop/buildroot-clone/buildroot/output/host/lib/gcc/aarch64-buildroot-linux-gnu/11.3.0/../../../../aarch64-buildroot-linux-gnu/lib/../lib64 -L/home/gabriel/Desktop/buildroot-clone/buildroot/output/host/aarch64-buildroot-linux-gnu/sysroot/lib/../lib64 -L/home/gabriel/Desktop/buildroot-clone/buildroot/output/host/aarch64-buildroot-linux-gnu/sysroot/usr/lib/../lib64 -L/home/gabriel/Desktop/buildroot-clone/buildroot/output/host/lib/gcc/aarch64-buildroot-linux-gnu/11.3.0/../../../../aarch64-buildroot-linux-gnu/lib -L/home/gabriel/Desktop/buildroot-clone/buildroot/output/host/aarch64-buildroot-linux-gnu/sysroot/lib -L/home/gabriel/Desktop/buildroot-clone/buildroot/output/host/aarch64-buildroot-linux-gnu/sysroot/usr/lib -z max-page-size=4096 -z common-page-size=4096 -z now -z relro CMakeFiles/cmTC_84b66.dir/CMakeCCompilerABI.c.o -lgcc --push-state --as-needed -lgcc_s --pop-state -lc -lgcc --push-state --as-needed -lgcc_s --pop-state /home/gabriel/Desktop/buildroot-clone/buildroot/output/host/lib/gcc/aarch64-buildroot-linux-gnu/11.3.0/crtendS.o /home/gabriel/Desktop/buildroot-clone/buildroot/output/host/aarch64-buildroot-linux-gnu/sysroot/usr/lib/../lib64/crtn.o
COLLECT_GCC_OPTIONS='-fstack-protector-strong' '-fPIE' '-pie' '-D' '_LARGEFILE_SOURCE' '-D' '_LARGEFILE64_SOURCE' '-D' '_FILE_OFFSET_BITS=64' '-Os' '-g0' '-D' '_FORTIFY_SOURCE=1' '-D' 'NDEBUG' '-v' '-o' 'cmTC_84b66' '-mcpu=cortex-a55' '-mlittle-endian' '-mabi=lp64' '-dumpdir' 'cmTC_84b66.'
make[3]: Leaving directory '/home/gabriel/Desktop/buildroot-clone/buildroot/output/build/rknpu2-v1.4.0/examples/rknn_yolov5_demo/CMakeFiles/CMakeTmp'
make[2]: Leaving directory '/home/gabriel/Desktop/buildroot-clone/buildroot/output/build/rknpu2-v1.4.0/examples/rknn_yolov5_demo/CMakeFiles/CMakeTmp'



Parsed C implicit include dir info from above output: rv=done
  found start of include info
  found start of implicit include info
    add: [/home/gabriel/Desktop/buildroot-clone/buildroot/output/host/lib/gcc/aarch64-buildroot-linux-gnu/11.3.0/include]
    add: [/home/gabriel/Desktop/buildroot-clone/buildroot/output/host/lib/gcc/aarch64-buildroot-linux-gnu/11.3.0/include-fixed]
    add: [/home/gabriel/Desktop/buildroot-clone/buildroot/output/host/lib/gcc/aarch64-buildroot-linux-gnu/11.3.0/../../../../aarch64-buildroot-linux-gnu/include]
    add: [/home/gabriel/Desktop/buildroot-clone/buildroot/output/host/aarch64-buildroot-linux-gnu/sysroot/usr/include]
  end of search list found
  collapse include dir [/home/gabriel/Desktop/buildroot-clone/buildroot/output/host/lib/gcc/aarch64-buildroot-linux-gnu/11.3.0/include] ==> [/home/gabriel/Desktop/buildroot-clone/buildroot/output/host/lib/gcc/aarch64-buildroot-linux-gnu/11.3.0/include]
  collapse include dir [/home/gabriel/Desktop/buildroot-clone/buildroot/output/host/lib/gcc/aarch64-buildroot-linux-gnu/11.3.0/include-fixed] ==> [/home/gabriel/Desktop/buildroot-clone/buildroot/output/host/lib/gcc/aarch64-buildroot-linux-gnu/11.3.0/include-fixed]
  collapse include dir [/home/gabriel/Desktop/buildroot-clone/buildroot/output/host/lib/gcc/aarch64-buildroot-linux-gnu/11.3.0/../../../../aarch64-buildroot-linux-gnu/include] ==> [/home/gabriel/Desktop/buildroot-clone/buildroot/output/host/aarch64-buildroot-linux-gnu/include]
  collapse include dir [/home/gabriel/Desktop/buildroot-clone/buildroot/output/host/aarch64-buildroot-linux-gnu/sysroot/usr/include] ==> [/home/gabriel/Desktop/buildroot-clone/buildroot/output/host/aarch64-buildroot-linux-gnu/sysroot/usr/include]
  implicit include dirs: [/home/gabriel/Desktop/buildroot-clone/buildroot/output/host/lib/gcc/aarch64-buildroot-linux-gnu/11.3.0/include;/home/gabriel/Desktop/buildroot-clone/buildroot/output/host/lib/gcc/aarch64-buildroot-linux-gnu/11.3.0/include-fixed;/home/gabriel/Desktop/buildroot-clone/buildroot/output/host/aarch64-buildroot-linux-gnu/include;/home/gabriel/Desktop/buildroot-clone/buildroot/output/host/aarch64-buildroot-linux-gnu/sysroot/usr/include]


Parsed C implicit link information from above output:
  link line regex: [^( *|.*[/\])(aarch64-buildroot-linux-gnu-ld|CMAKE_LINK_STARTFILE-NOTFOUND|([^/\]+-)?ld|collect2)[^/\]*( |$)]
  ignore line: [Change Dir: /home/gabriel/Desktop/buildroot-clone/buildroot/output/build/rknpu2-v1.4.0/examples/rknn_yolov5_demo/CMakeFiles/CMakeTmp]
  ignore line: []
  ignore line: [Run Build Command(s):/usr/bin/make -f Makefile cmTC_84b66/fast && make[2]: Entering directory '/home/gabriel/Desktop/buildroot-clone/buildroot/output/build/rknpu2-v1.4.0/examples/rknn_yolov5_demo/CMakeFiles/CMakeTmp']
  ignore line: [/usr/bin/make  -f CMakeFiles/cmTC_84b66.dir/build.make CMakeFiles/cmTC_84b66.dir/build]
  ignore line: [make[3]: Entering directory '/home/gabriel/Desktop/buildroot-clone/buildroot/output/build/rknpu2-v1.4.0/examples/rknn_yolov5_demo/CMakeFiles/CMakeTmp']
  ignore line: [Building C object CMakeFiles/cmTC_84b66.dir/CMakeCCompilerABI.c.o]
  ignore line: [/home/gabriel/Desktop/buildroot-clone/buildroot/output/host/bin/aarch64-buildroot-linux-gnu-gcc --sysroot=/home/gabriel/Desktop/buildroot-clone/buildroot/output/host/aarch64-buildroot-linux-gnu/sysroot   -D_LARGEFILE_SOURCE -D_LARGEFILE64_SOURCE -D_FILE_OFFSET_BITS=64 -Os -g0 -D_FORTIFY_SOURCE=1   -DNDEBUG   -v -o CMakeFiles/cmTC_84b66.dir/CMakeCCompilerABI.c.o -c /home/gabriel/Desktop/buildroot-clone/buildroot/output/host/share/cmake-3.22/Modules/CMakeCCompilerABI.c]
  ignore line: [Using built-in specs.]
  ignore line: [COLLECT_GCC=/home/gabriel/Desktop/buildroot-clone/buildroot/output/host/bin/aarch64-buildroot-linux-gnu-gcc.br_real]
  ignore line: [Target: aarch64-buildroot-linux-gnu]
  ignore line: [Configured with: ./configure --prefix=/home/gabriel/Desktop/buildroot-clone/buildroot/output/host --sysconfdir=/home/gabriel/Desktop/buildroot-clone/buildroot/output/host/etc --enable-static --target=aarch64-buildroot-linux-gnu --with-sysroot=/home/gabriel/Desktop/buildroot-clone/buildroot/output/host/aarch64-buildroot-linux-gnu/sysroot --enable-__cxa_atexit --with-gnu-ld --disable-libssp --disable-multilib --disable-decimal-float --enable-plugins --enable-lto --with-gmp=/home/gabriel/Desktop/buildroot-clone/buildroot/output/host --with-mpc=/home/gabriel/Desktop/buildroot-clone/buildroot/output/host --with-mpfr=/home/gabriel/Desktop/buildroot-clone/buildroot/output/host --with-pkgversion='Buildroot 2022.08.2' --with-bugurl=http://bugs.buildroot.net/ --without-zstd --disable-libquadmath --disable-libquadmath-support --enable-tls --enable-threads --without-isl --without-cloog --with-abi=lp64 --with-cpu=cortex-a55 --enable-languages=c,c++ --with-build-time-tools=/home/gabriel/Desktop/buildroot-clone/buildroot/output/host/aarch64-buildroot-linux-gnu/bin --enable-shared --disable-libgomp]
  ignore line: [Thread model: posix]
  ignore line: [Supported LTO compression algorithms: zlib]
  ignore line: [gcc version 11.3.0 (Buildroot 2022.08.2) ]
  ignore line: [COLLECT_GCC_OPTIONS='-fstack-protector-strong' '-fPIE' '-pie' '-D' '_LARGEFILE_SOURCE' '-D' '_LARGEFILE64_SOURCE' '-D' '_FILE_OFFSET_BITS=64' '-Os' '-g0' '-D' '_FORTIFY_SOURCE=1' '-D' 'NDEBUG' '-v' '-o' 'CMakeFiles/cmTC_84b66.dir/CMakeCCompilerABI.c.o' '-c' '-mcpu=cortex-a55' '-mlittle-endian' '-mabi=lp64' '-dumpdir' 'CMakeFiles/cmTC_84b66.dir/']
  ignore line: [ /home/gabriel/Desktop/buildroot-clone/buildroot/output/host/libexec/gcc/aarch64-buildroot-linux-gnu/11.3.0/cc1 -quiet -v -isysroot /home/gabriel/Desktop/buildroot-clone/buildroot/output/host/aarch64-buildroot-linux-gnu/sysroot -D _LARGEFILE_SOURCE -D _LARGEFILE64_SOURCE -D _FILE_OFFSET_BITS=64 -D _FORTIFY_SOURCE=1 -D NDEBUG /home/gabriel/Desktop/buildroot-clone/buildroot/output/host/share/cmake-3.22/Modules/CMakeCCompilerABI.c -quiet -dumpdir CMakeFiles/cmTC_84b66.dir/ -dumpbase CMakeCCompilerABI.c.c -dumpbase-ext .c -mcpu=cortex-a55 -mlittle-endian -mabi=lp64 -g0 -Os -version -fstack-protector-strong -fPIE -o /tmp/ccUdiWgD.s]
  ignore line: [GNU C17 (Buildroot 2022.08.2) version 11.3.0 (aarch64-buildroot-linux-gnu)]
  ignore line: [	compiled by GNU C version 13.2.1 20230801  GMP version 6.2.1  MPFR version 4.1.0  MPC version 1.2.1  isl version none]
  ignore line: [GGC heuristics: --param ggc-min-expand=100 --param ggc-min-heapsize=131072]
  ignore line: [ignoring nonexistent directory "/home/gabriel/Desktop/buildroot-clone/buildroot/output/host/aarch64-buildroot-linux-gnu/sysroot/usr/local/include"]
  ignore line: [#include "..." search starts here:]
  ignore line: [#include <...> search starts here:]
  ignore line: [ /home/gabriel/Desktop/buildroot-clone/buildroot/output/host/lib/gcc/aarch64-buildroot-linux-gnu/11.3.0/include]
  ignore line: [ /home/gabriel/Desktop/buildroot-clone/buildroot/output/host/lib/gcc/aarch64-buildroot-linux-gnu/11.3.0/include-fixed]
  ignore line: [ /home/gabriel/Desktop/buildroot-clone/buildroot/output/host/lib/gcc/aarch64-buildroot-linux-gnu/11.3.0/../../../../aarch64-buildroot-linux-gnu/include]
  ignore line: [ /home/gabriel/Desktop/buildroot-clone/buildroot/output/host/aarch64-buildroot-linux-gnu/sysroot/usr/include]
  ignore line: [End of search list.]
  ignore line: [GNU C17 (Buildroot 2022.08.2) version 11.3.0 (aarch64-buildroot-linux-gnu)]
  ignore line: [	compiled by GNU C version 13.2.1 20230801  GMP version 6.2.1  MPFR version 4.1.0  MPC version 1.2.1  isl version none]
  ignore line: [GGC heuristics: --param ggc-min-expand=100 --param ggc-min-heapsize=131072]
  ignore line: [Compiler executable checksum: 6a0ee40313997a8814a2674fca10a728]
  ignore line: [COLLECT_GCC_OPTIONS='-fstack-protector-strong' '-fPIE' '-pie' '-D' '_LARGEFILE_SOURCE' '-D' '_LARGEFILE64_SOURCE' '-D' '_FILE_OFFSET_BITS=64' '-Os' '-g0' '-D' '_FORTIFY_SOURCE=1' '-D' 'NDEBUG' '-v' '-o' 'CMakeFiles/cmTC_84b66.dir/CMakeCCompilerABI.c.o' '-c' '-mcpu=cortex-a55' '-mlittle-endian' '-mabi=lp64' '-dumpdir' 'CMakeFiles/cmTC_84b66.dir/']
  ignore line: [ /home/gabriel/Desktop/buildroot-clone/buildroot/output/host/lib/gcc/aarch64-buildroot-linux-gnu/11.3.0/../../../../aarch64-buildroot-linux-gnu/bin/as -v -EL -march=armv8.2-a+fp16+rcpc+dotprod -mabi=lp64 -o CMakeFiles/cmTC_84b66.dir/CMakeCCompilerABI.c.o /tmp/ccUdiWgD.s]
  ignore line: [GNU assembler version 2.37 (aarch64-buildroot-linux-gnu) using BFD version (GNU Binutils) 2.37]
  ignore line: [COMPILER_PATH=/home/gabriel/Desktop/buildroot-clone/buildroot/output/host/libexec/gcc/aarch64-buildroot-linux-gnu/11.3.0/:/home/gabriel/Desktop/buildroot-clone/buildroot/output/host/libexec/gcc/aarch64-buildroot-linux-gnu/11.3.0/:/home/gabriel/Desktop/buildroot-clone/buildroot/output/host/libexec/gcc/aarch64-buildroot-linux-gnu/:/home/gabriel/Desktop/buildroot-clone/buildroot/output/host/lib/gcc/aarch64-buildroot-linux-gnu/11.3.0/:/home/gabriel/Desktop/buildroot-clone/buildroot/output/host/lib/gcc/aarch64-buildroot-linux-gnu/:/home/gabriel/Desktop/buildroot-clone/buildroot/output/host/lib/gcc/aarch64-buildroot-linux-gnu/11.3.0/../../../../aarch64-buildroot-linux-gnu/bin/]
  ignore line: [LIBRARY_PATH=/home/gabriel/Desktop/buildroot-clone/buildroot/output/host/lib/gcc/aarch64-buildroot-linux-gnu/11.3.0/:/home/gabriel/Desktop/buildroot-clone/buildroot/output/host/lib/gcc/aarch64-buildroot-linux-gnu/11.3.0/../../../../aarch64-buildroot-linux-gnu/lib/../lib64/:/home/gabriel/Desktop/buildroot-clone/buildroot/output/host/aarch64-buildroot-linux-gnu/sysroot/lib/../lib64/:/home/gabriel/Desktop/buildroot-clone/buildroot/output/host/aarch64-buildroot-linux-gnu/sysroot/usr/lib/../lib64/:/home/gabriel/Desktop/buildroot-clone/buildroot/output/host/lib/gcc/aarch64-buildroot-linux-gnu/11.3.0/../../../../aarch64-buildroot-linux-gnu/lib/:/home/gabriel/Desktop/buildroot-clone/buildroot/output/host/aarch64-buildroot-linux-gnu/sysroot/lib/:/home/gabriel/Desktop/buildroot-clone/buildroot/output/host/aarch64-buildroot-linux-gnu/sysroot/usr/lib/]
  ignore line: [COLLECT_GCC_OPTIONS='-fstack-protector-strong' '-fPIE' '-pie' '-D' '_LARGEFILE_SOURCE' '-D' '_LARGEFILE64_SOURCE' '-D' '_FILE_OFFSET_BITS=64' '-Os' '-g0' '-D' '_FORTIFY_SOURCE=1' '-D' 'NDEBUG' '-v' '-o' 'CMakeFiles/cmTC_84b66.dir/CMakeCCompilerABI.c.o' '-c' '-mcpu=cortex-a55' '-mlittle-endian' '-mabi=lp64' '-dumpdir' 'CMakeFiles/cmTC_84b66.dir/CMakeCCompilerABI.c.']
  ignore line: [Linking C executable cmTC_84b66]
  ignore line: [/home/gabriel/Desktop/buildroot-clone/buildroot/output/host/bin/cmake -E cmake_link_script CMakeFiles/cmTC_84b66.dir/link.txt --verbose=1]
  ignore line: [/home/gabriel/Desktop/buildroot-clone/buildroot/output/host/bin/aarch64-buildroot-linux-gnu-gcc --sysroot=/home/gabriel/Desktop/buildroot-clone/buildroot/output/host/aarch64-buildroot-linux-gnu/sysroot -D_LARGEFILE_SOURCE -D_LARGEFILE64_SOURCE -D_FILE_OFFSET_BITS=64 -Os -g0 -D_FORTIFY_SOURCE=1   -DNDEBUG  -v CMakeFiles/cmTC_84b66.dir/CMakeCCompilerABI.c.o -o cmTC_84b66 ]
  ignore line: [Using built-in specs.]
  ignore line: [COLLECT_GCC=/home/gabriel/Desktop/buildroot-clone/buildroot/output/host/bin/aarch64-buildroot-linux-gnu-gcc.br_real]
  ignore line: [COLLECT_LTO_WRAPPER=/home/gabriel/Desktop/buildroot-clone/buildroot/output/host/libexec/gcc/aarch64-buildroot-linux-gnu/11.3.0/lto-wrapper]
  ignore line: [Target: aarch64-buildroot-linux-gnu]
  ignore line: [Configured with: ./configure --prefix=/home/gabriel/Desktop/buildroot-clone/buildroot/output/host --sysconfdir=/home/gabriel/Desktop/buildroot-clone/buildroot/output/host/etc --enable-static --target=aarch64-buildroot-linux-gnu --with-sysroot=/home/gabriel/Desktop/buildroot-clone/buildroot/output/host/aarch64-buildroot-linux-gnu/sysroot --enable-__cxa_atexit --with-gnu-ld --disable-libssp --disable-multilib --disable-decimal-float --enable-plugins --enable-lto --with-gmp=/home/gabriel/Desktop/buildroot-clone/buildroot/output/host --with-mpc=/home/gabriel/Desktop/buildroot-clone/buildroot/output/host --with-mpfr=/home/gabriel/Desktop/buildroot-clone/buildroot/output/host --with-pkgversion='Buildroot 2022.08.2' --with-bugurl=http://bugs.buildroot.net/ --without-zstd --disable-libquadmath --disable-libquadmath-support --enable-tls --enable-threads --without-isl --without-cloog --with-abi=lp64 --with-cpu=cortex-a55 --enable-languages=c,c++ --with-build-time-tools=/home/gabriel/Desktop/buildroot-clone/buildroot/output/host/aarch64-buildroot-linux-gnu/bin --enable-shared --disable-libgomp]
  ignore line: [Thread model: posix]
  ignore line: [Supported LTO compression algorithms: zlib]
  ignore line: [gcc version 11.3.0 (Buildroot 2022.08.2) ]
  ignore line: [COMPILER_PATH=/home/gabriel/Desktop/buildroot-clone/buildroot/output/host/libexec/gcc/aarch64-buildroot-linux-gnu/11.3.0/:/home/gabriel/Desktop/buildroot-clone/buildroot/output/host/libexec/gcc/aarch64-buildroot-linux-gnu/11.3.0/:/home/gabriel/Desktop/buildroot-clone/buildroot/output/host/libexec/gcc/aarch64-buildroot-linux-gnu/:/home/gabriel/Desktop/buildroot-clone/buildroot/output/host/lib/gcc/aarch64-buildroot-linux-gnu/11.3.0/:/home/gabriel/Desktop/buildroot-clone/buildroot/output/host/lib/gcc/aarch64-buildroot-linux-gnu/:/home/gabriel/Desktop/buildroot-clone/buildroot/output/host/lib/gcc/aarch64-buildroot-linux-gnu/11.3.0/../../../../aarch64-buildroot-linux-gnu/bin/]
  ignore line: [LIBRARY_PATH=/home/gabriel/Desktop/buildroot-clone/buildroot/output/host/lib/gcc/aarch64-buildroot-linux-gnu/11.3.0/:/home/gabriel/Desktop/buildroot-clone/buildroot/output/host/lib/gcc/aarch64-buildroot-linux-gnu/11.3.0/../../../../aarch64-buildroot-linux-gnu/lib/../lib64/:/home/gabriel/Desktop/buildroot-clone/buildroot/output/host/aarch64-buildroot-linux-gnu/sysroot/lib/../lib64/:/home/gabriel/Desktop/buildroot-clone/buildroot/output/host/aarch64-buildroot-linux-gnu/sysroot/usr/lib/../lib64/:/home/gabriel/Desktop/buildroot-clone/buildroot/output/host/lib/gcc/aarch64-buildroot-linux-gnu/11.3.0/../../../../aarch64-buildroot-linux-gnu/lib/:/home/gabriel/Desktop/buildroot-clone/buildroot/output/host/aarch64-buildroot-linux-gnu/sysroot/lib/:/home/gabriel/Desktop/buildroot-clone/buildroot/output/host/aarch64-buildroot-linux-gnu/sysroot/usr/lib/]
  ignore line: [COLLECT_GCC_OPTIONS='-fstack-protector-strong' '-fPIE' '-pie' '-D' '_LARGEFILE_SOURCE' '-D' '_LARGEFILE64_SOURCE' '-D' '_FILE_OFFSET_BITS=64' '-Os' '-g0' '-D' '_FORTIFY_SOURCE=1' '-D' 'NDEBUG' '-v' '-o' 'cmTC_84b66' '-mcpu=cortex-a55' '-mlittle-endian' '-mabi=lp64' '-dumpdir' 'cmTC_84b66.']
  link line: [ /home/gabriel/Desktop/buildroot-clone/buildroot/output/host/libexec/gcc/aarch64-buildroot-linux-gnu/11.3.0/collect2 -plugin /home/gabriel/Desktop/buildroot-clone/buildroot/output/host/libexec/gcc/aarch64-buildroot-linux-gnu/11.3.0/liblto_plugin.so -plugin-opt=/home/gabriel/Desktop/buildroot-clone/buildroot/output/host/libexec/gcc/aarch64-buildroot-linux-gnu/11.3.0/lto-wrapper -plugin-opt=-fresolution=/tmp/cc4XYcKl.res -plugin-opt=-pass-through=-lgcc -plugin-opt=-pass-through=-lgcc_s -plugin-opt=-pass-through=-lc -plugin-opt=-pass-through=-lgcc -plugin-opt=-pass-through=-lgcc_s --sysroot=/home/gabriel/Desktop/buildroot-clone/buildroot/output/host/aarch64-buildroot-linux-gnu/sysroot --eh-frame-hdr -dynamic-linker /lib/ld-linux-aarch64.so.1 -X -EL -maarch64linux -pie -o cmTC_84b66 /home/gabriel/Desktop/buildroot-clone/buildroot/output/host/aarch64-buildroot-linux-gnu/sysroot/usr/lib/../lib64/Scrt1.o /home/gabriel/Desktop/buildroot-clone/buildroot/output/host/aarch64-buildroot-linux-gnu/sysroot/usr/lib/../lib64/crti.o /home/gabriel/Desktop/buildroot-clone/buildroot/output/host/lib/gcc/aarch64-buildroot-linux-gnu/11.3.0/crtbeginS.o -L/home/gabriel/Desktop/buildroot-clone/buildroot/output/host/lib/gcc/aarch64-buildroot-linux-gnu/11.3.0 -L/home/gabriel/Desktop/buildroot-clone/buildroot/output/host/lib/gcc/aarch64-buildroot-linux-gnu/11.3.0/../../../../aarch64-buildroot-linux-gnu/lib/../lib64 -L/home/gabriel/Desktop/buildroot-clone/buildroot/output/host/aarch64-buildroot-linux-gnu/sysroot/lib/../lib64 -L/home/gabriel/Desktop/buildroot-clone/buildroot/output/host/aarch64-buildroot-linux-gnu/sysroot/usr/lib/../lib64 -L/home/gabriel/Desktop/buildroot-clone/buildroot/output/host/lib/gcc/aarch64-buildroot-linux-gnu/11.3.0/../../../../aarch64-buildroot-linux-gnu/lib -L/home/gabriel/Desktop/buildroot-clone/buildroot/output/host/aarch64-buildroot-linux-gnu/sysroot/lib -L/home/gabriel/Desktop/buildroot-clone/buildroot/output/host/aarch64-buildroot-linux-gnu/sysroot/usr/lib -z max-page-size=4096 -z common-page-size=4096 -z now -z relro CMakeFiles/cmTC_84b66.dir/CMakeCCompilerABI.c.o -lgcc --push-state --as-needed -lgcc_s --pop-state -lc -lgcc --push-state --as-needed -lgcc_s --pop-state /home/gabriel/Desktop/buildroot-clone/buildroot/output/host/lib/gcc/aarch64-buildroot-linux-gnu/11.3.0/crtendS.o /home/gabriel/Desktop/buildroot-clone/buildroot/output/host/aarch64-buildroot-linux-gnu/sysroot/usr/lib/../lib64/crtn.o]
    arg [/home/gabriel/Desktop/buildroot-clone/buildroot/output/host/libexec/gcc/aarch64-buildroot-linux-gnu/11.3.0/collect2] ==> ignore
    arg [-plugin] ==> ignore
    arg [/home/gabriel/Desktop/buildroot-clone/buildroot/output/host/libexec/gcc/aarch64-buildroot-linux-gnu/11.3.0/liblto_plugin.so] ==> ignore
    arg [-plugin-opt=/home/gabriel/Desktop/buildroot-clone/buildroot/output/host/libexec/gcc/aarch64-buildroot-linux-gnu/11.3.0/lto-wrapper] ==> ignore
    arg [-plugin-opt=-fresolution=/tmp/cc4XYcKl.res] ==> ignore
    arg [-plugin-opt=-pass-through=-lgcc] ==> ignore
    arg [-plugin-opt=-pass-through=-lgcc_s] ==> ignore
    arg [-plugin-opt=-pass-through=-lc] ==> ignore
    arg [-plugin-opt=-pass-through=-lgcc] ==> ignore
    arg [-plugin-opt=-pass-through=-lgcc_s] ==> ignore
    arg [--sysroot=/home/gabriel/Desktop/buildroot-clone/buildroot/output/host/aarch64-buildroot-linux-gnu/sysroot] ==> ignore
    arg [--eh-frame-hdr] ==> ignore
    arg [-dynamic-linker] ==> ignore
    arg [/lib/ld-linux-aarch64.so.1] ==> ignore
    arg [-X] ==> ignore
    arg [-EL] ==> ignore
    arg [-maarch64linux] ==> ignore
    arg [-pie] ==> ignore
    arg [-o] ==> ignore
    arg [cmTC_84b66] ==> ignore
    arg [/home/gabriel/Desktop/buildroot-clone/buildroot/output/host/aarch64-buildroot-linux-gnu/sysroot/usr/lib/../lib64/Scrt1.o] ==> obj [/home/gabriel/Desktop/buildroot-clone/buildroot/output/host/aarch64-buildroot-linux-gnu/sysroot/usr/lib/../lib64/Scrt1.o]
    arg [/home/gabriel/Desktop/buildroot-clone/buildroot/output/host/aarch64-buildroot-linux-gnu/sysroot/usr/lib/../lib64/crti.o] ==> obj [/home/gabriel/Desktop/buildroot-clone/buildroot/output/host/aarch64-buildroot-linux-gnu/sysroot/usr/lib/../lib64/crti.o]
    arg [/home/gabriel/Desktop/buildroot-clone/buildroot/output/host/lib/gcc/aarch64-buildroot-linux-gnu/11.3.0/crtbeginS.o] ==> obj [/home/gabriel/Desktop/buildroot-clone/buildroot/output/host/lib/gcc/aarch64-buildroot-linux-gnu/11.3.0/crtbeginS.o]
    arg [-L/home/gabriel/Desktop/buildroot-clone/buildroot/output/host/lib/gcc/aarch64-buildroot-linux-gnu/11.3.0] ==> dir [/home/gabriel/Desktop/buildroot-clone/buildroot/output/host/lib/gcc/aarch64-buildroot-linux-gnu/11.3.0]
    arg [-L/home/gabriel/Desktop/buildroot-clone/buildroot/output/host/lib/gcc/aarch64-buildroot-linux-gnu/11.3.0/../../../../aarch64-buildroot-linux-gnu/lib/../lib64] ==> dir [/home/gabriel/Desktop/buildroot-clone/buildroot/output/host/lib/gcc/aarch64-buildroot-linux-gnu/11.3.0/../../../../aarch64-buildroot-linux-gnu/lib/../lib64]
    arg [-L/home/gabriel/Desktop/buildroot-clone/buildroot/output/host/aarch64-buildroot-linux-gnu/sysroot/lib/../lib64] ==> dir [/home/gabriel/Desktop/buildroot-clone/buildroot/output/host/aarch64-buildroot-linux-gnu/sysroot/lib/../lib64]
    arg [-L/home/gabriel/Desktop/buildroot-clone/buildroot/output/host/aarch64-buildroot-linux-gnu/sysroot/usr/lib/../lib64] ==> dir [/home/gabriel/Desktop/buildroot-clone/buildroot/output/host/aarch64-buildroot-linux-gnu/sysroot/usr/lib/../lib64]
    arg [-L/home/gabriel/Desktop/buildroot-clone/buildroot/output/host/lib/gcc/aarch64-buildroot-linux-gnu/11.3.0/../../../../aarch64-buildroot-linux-gnu/lib] ==> dir [/home/gabriel/Desktop/buildroot-clone/buildroot/output/host/lib/gcc/aarch64-buildroot-linux-gnu/11.3.0/../../../../aarch64-buildroot-linux-gnu/lib]
    arg [-L/home/gabriel/Desktop/buildroot-clone/buildroot/output/host/aarch64-buildroot-linux-gnu/sysroot/lib] ==> dir [/home/gabriel/Desktop/buildroot-clone/buildroot/output/host/aarch64-buildroot-linux-gnu/sysroot/lib]
    arg [-L/home/gabriel/Desktop/buildroot-clone/buildroot/output/host/aarch64-buildroot-linux-gnu/sysroot/usr/lib] ==> dir [/home/gabriel/Desktop/buildroot-clone/buildroot/output/host/aarch64-buildroot-linux-gnu/sysroot/usr/lib]
    arg [-zmax-page-size=4096] ==> ignore
    arg [-zcommon-page-size=4096] ==> ignore
    arg [-znow] ==> ignore
    arg [-zrelro] ==> ignore
    arg [CMakeFiles/cmTC_84b66.dir/CMakeCCompilerABI.c.o] ==> ignore
    arg [-lgcc] ==> lib [gcc]
    arg [--push-state] ==> ignore
    arg [--as-needed] ==> ignore
    arg [-lgcc_s] ==> lib [gcc_s]
    arg [--pop-state] ==> ignore
    arg [-lc] ==> lib [c]
    arg [-lgcc] ==> lib [gcc]
    arg [--push-state] ==> ignore
    arg [--as-needed] ==> ignore
    arg [-lgcc_s] ==> lib [gcc_s]
    arg [--pop-state] ==> ignore
    arg [/home/gabriel/Desktop/buildroot-clone/buildroot/output/host/lib/gcc/aarch64-buildroot-linux-gnu/11.3.0/crtendS.o] ==> obj [/home/gabriel/Desktop/buildroot-clone/buildroot/output/host/lib/gcc/aarch64-buildroot-linux-gnu/11.3.0/crtendS.o]
    arg [/home/gabriel/Desktop/buildroot-clone/buildroot/output/host/aarch64-buildroot-linux-gnu/sysroot/usr/lib/../lib64/crtn.o] ==> obj [/home/gabriel/Desktop/buildroot-clone/buildroot/output/host/aarch64-buildroot-linux-gnu/sysroot/usr/lib/../lib64/crtn.o]
  collapse obj [/home/gabriel/Desktop/buildroot-clone/buildroot/output/host/aarch64-buildroot-linux-gnu/sysroot/usr/lib/../lib64/Scrt1.o] ==> [/home/gabriel/Desktop/buildroot-clone/buildroot/output/host/aarch64-buildroot-linux-gnu/sysroot/usr/lib64/Scrt1.o]
  collapse obj [/home/gabriel/Desktop/buildroot-clone/buildroot/output/host/aarch64-buildroot-linux-gnu/sysroot/usr/lib/../lib64/crti.o] ==> [/home/gabriel/Desktop/buildroot-clone/buildroot/output/host/aarch64-buildroot-linux-gnu/sysroot/usr/lib64/crti.o]
  collapse obj [/home/gabriel/Desktop/buildroot-clone/buildroot/output/host/aarch64-buildroot-linux-gnu/sysroot/usr/lib/../lib64/crtn.o] ==> [/home/gabriel/Desktop/buildroot-clone/buildroot/output/host/aarch64-buildroot-linux-gnu/sysroot/usr/lib64/crtn.o]
  collapse library dir [/home/gabriel/Desktop/buildroot-clone/buildroot/output/host/lib/gcc/aarch64-buildroot-linux-gnu/11.3.0] ==> [/home/gabriel/Desktop/buildroot-clone/buildroot/output/host/lib/gcc/aarch64-buildroot-linux-gnu/11.3.0]
  collapse library dir [/home/gabriel/Desktop/buildroot-clone/buildroot/output/host/lib/gcc/aarch64-buildroot-linux-gnu/11.3.0/../../../../aarch64-buildroot-linux-gnu/lib/../lib64] ==> [/home/gabriel/Desktop/buildroot-clone/buildroot/output/host/aarch64-buildroot-linux-gnu/lib64]
  collapse library dir [/home/gabriel/Desktop/buildroot-clone/buildroot/output/host/aarch64-buildroot-linux-gnu/sysroot/lib/../lib64] ==> [/home/gabriel/Desktop/buildroot-clone/buildroot/output/host/aarch64-buildroot-linux-gnu/sysroot/lib64]
  collapse library dir [/home/gabriel/Desktop/buildroot-clone/buildroot/output/host/aarch64-buildroot-linux-gnu/sysroot/usr/lib/../lib64] ==> [/home/gabriel/Desktop/buildroot-clone/buildroot/output/host/aarch64-buildroot-linux-gnu/sysroot/usr/lib64]
  collapse library dir [/home/gabriel/Desktop/buildroot-clone/buildroot/output/host/lib/gcc/aarch64-buildroot-linux-gnu/11.3.0/../../../../aarch64-buildroot-linux-gnu/lib] ==> [/home/gabriel/Desktop/buildroot-clone/buildroot/output/host/aarch64-buildroot-linux-gnu/lib]
  collapse library dir [/home/gabriel/Desktop/buildroot-clone/buildroot/output/host/aarch64-buildroot-linux-gnu/sysroot/lib] ==> [/home/gabriel/Desktop/buildroot-clone/buildroot/output/host/aarch64-buildroot-linux-gnu/sysroot/lib]
  collapse library dir [/home/gabriel/Desktop/buildroot-clone/buildroot/output/host/aarch64-buildroot-linux-gnu/sysroot/usr/lib] ==> [/home/gabriel/Desktop/buildroot-clone/buildroot/output/host/aarch64-buildroot-linux-gnu/sysroot/usr/lib]
  implicit libs: [gcc;gcc_s;c;gcc;gcc_s]
  implicit objs: [/home/gabriel/Desktop/buildroot-clone/buildroot/output/host/aarch64-buildroot-linux-gnu/sysroot/usr/lib64/Scrt1.o;/home/gabriel/Desktop/buildroot-clone/buildroot/output/host/aarch64-buildroot-linux-gnu/sysroot/usr/lib64/crti.o;/home/gabriel/Desktop/buildroot-clone/buildroot/output/host/lib/gcc/aarch64-buildroot-linux-gnu/11.3.0/crtbeginS.o;/home/gabriel/Desktop/buildroot-clone/buildroot/output/host/lib/gcc/aarch64-buildroot-linux-gnu/11.3.0/crtendS.o;/home/gabriel/Desktop/buildroot-clone/buildroot/output/host/aarch64-buildroot-linux-gnu/sysroot/usr/lib64/crtn.o]
  implicit dirs: [/home/gabriel/Desktop/buildroot-clone/buildroot/output/host/lib/gcc/aarch64-buildroot-linux-gnu/11.3.0;/home/gabriel/Desktop/buildroot-clone/buildroot/output/host/aarch64-buildroot-linux-gnu/lib64;/home/gabriel/Desktop/buildroot-clone/buildroot/output/host/aarch64-buildroot-linux-gnu/sysroot/lib64;/home/gabriel/Desktop/buildroot-clone/buildroot/output/host/aarch64-buildroot-linux-gnu/sysroot/usr/lib64;/home/gabriel/Desktop/buildroot-clone/buildroot/output/host/aarch64-buildroot-linux-gnu/lib;/home/gabriel/Desktop/buildroot-clone/buildroot/output/host/aarch64-buildroot-linux-gnu/sysroot/lib;/home/gabriel/Desktop/buildroot-clone/buildroot/output/host/aarch64-buildroot-linux-gnu/sysroot/usr/lib]
  implicit fwks: []


Detecting CXX compiler ABI info compiled with the following output:
Change Dir: /home/gabriel/Desktop/buildroot-clone/buildroot/output/build/rknpu2-v1.4.0/examples/rknn_yolov5_demo/CMakeFiles/CMakeTmp

Run Build Command(s):/usr/bin/make -f Makefile cmTC_acbad/fast && make[2]: Entering directory '/home/gabriel/Desktop/buildroot-clone/buildroot/output/build/rknpu2-v1.4.0/examples/rknn_yolov5_demo/CMakeFiles/CMakeTmp'
/usr/bin/make  -f CMakeFiles/cmTC_acbad.dir/build.make CMakeFiles/cmTC_acbad.dir/build
make[3]: Entering directory '/home/gabriel/Desktop/buildroot-clone/buildroot/output/build/rknpu2-v1.4.0/examples/rknn_yolov5_demo/CMakeFiles/CMakeTmp'
Building CXX object CMakeFiles/cmTC_acbad.dir/CMakeCXXCompilerABI.cpp.o
/home/gabriel/Desktop/buildroot-clone/buildroot/output/host/bin/aarch64-buildroot-linux-gnu-g++ --sysroot=/home/gabriel/Desktop/buildroot-clone/buildroot/output/host/aarch64-buildroot-linux-gnu/sysroot   -D_LARGEFILE_SOURCE -D_LARGEFILE64_SOURCE -D_FILE_OFFSET_BITS=64 -Os -g0 -D_FORTIFY_SOURCE=1   -DNDEBUG   -v -o CMakeFiles/cmTC_acbad.dir/CMakeCXXCompilerABI.cpp.o -c /home/gabriel/Desktop/buildroot-clone/buildroot/output/host/share/cmake-3.22/Modules/CMakeCXXCompilerABI.cpp
Using built-in specs.
COLLECT_GCC=/home/gabriel/Desktop/buildroot-clone/buildroot/output/host/bin/aarch64-buildroot-linux-gnu-g++.br_real
Target: aarch64-buildroot-linux-gnu
Configured with: ./configure --prefix=/home/gabriel/Desktop/buildroot-clone/buildroot/output/host --sysconfdir=/home/gabriel/Desktop/buildroot-clone/buildroot/output/host/etc --enable-static --target=aarch64-buildroot-linux-gnu --with-sysroot=/home/gabriel/Desktop/buildroot-clone/buildroot/output/host/aarch64-buildroot-linux-gnu/sysroot --enable-__cxa_atexit --with-gnu-ld --disable-libssp --disable-multilib --disable-decimal-float --enable-plugins --enable-lto --with-gmp=/home/gabriel/Desktop/buildroot-clone/buildroot/output/host --with-mpc=/home/gabriel/Desktop/buildroot-clone/buildroot/output/host --with-mpfr=/home/gabriel/Desktop/buildroot-clone/buildroot/output/host --with-pkgversion='Buildroot 2022.08.2' --with-bugurl=http://bugs.buildroot.net/ --without-zstd --disable-libquadmath --disable-libquadmath-support --enable-tls --enable-threads --without-isl --without-cloog --with-abi=lp64 --with-cpu=cortex-a55 --enable-languages=c,c++ --with-build-time-tools=/home/gabriel/Desktop/buildroot-clone/buildroot/output/host/aarch64-buildroot-linux-gnu/bin --enable-shared --disable-libgomp
Thread model: posix
Supported LTO compression algorithms: zlib
gcc version 11.3.0 (Buildroot 2022.08.2) 
COLLECT_GCC_OPTIONS='-fstack-protector-strong' '-fPIE' '-pie' '-D' '_LARGEFILE_SOURCE' '-D' '_LARGEFILE64_SOURCE' '-D' '_FILE_OFFSET_BITS=64' '-Os' '-g0' '-D' '_FORTIFY_SOURCE=1' '-D' 'NDEBUG' '-v' '-o' 'CMakeFiles/cmTC_acbad.dir/CMakeCXXCompilerABI.cpp.o' '-c' '-shared-libgcc' '-mcpu=cortex-a55' '-mlittle-endian' '-mabi=lp64' '-dumpdir' 'CMakeFiles/cmTC_acbad.dir/'
 /home/gabriel/Desktop/buildroot-clone/buildroot/output/host/libexec/gcc/aarch64-buildroot-linux-gnu/11.3.0/cc1plus -quiet -v -isysroot /home/gabriel/Desktop/buildroot-clone/buildroot/output/host/aarch64-buildroot-linux-gnu/sysroot -D_GNU_SOURCE -D _LARGEFILE_SOURCE -D _LARGEFILE64_SOURCE -D _FILE_OFFSET_BITS=64 -D _FORTIFY_SOURCE=1 -D NDEBUG /home/gabriel/Desktop/buildroot-clone/buildroot/output/host/share/cmake-3.22/Modules/CMakeCXXCompilerABI.cpp -quiet -dumpdir CMakeFiles/cmTC_acbad.dir/ -dumpbase CMakeCXXCompilerABI.cpp.cpp -dumpbase-ext .cpp -mcpu=cortex-a55 -mlittle-endian -mabi=lp64 -g0 -Os -version -fstack-protector-strong -fPIE -o /tmp/ccwbPWD7.s
GNU C++17 (Buildroot 2022.08.2) version 11.3.0 (aarch64-buildroot-linux-gnu)
	compiled by GNU C version 13.2.1 20230801, GMP version 6.2.1, MPFR version 4.1.0, MPC version 1.2.1, isl version none
GGC heuristics: --param ggc-min-expand=100 --param ggc-min-heapsize=131072
ignoring nonexistent directory "/home/gabriel/Desktop/buildroot-clone/buildroot/output/host/aarch64-buildroot-linux-gnu/sysroot/usr/local/include"
#include "..." search starts here:
#include <...> search starts here:
 /home/gabriel/Desktop/buildroot-clone/buildroot/output/host/lib/gcc/aarch64-buildroot-linux-gnu/11.3.0/../../../../aarch64-buildroot-linux-gnu/include/c++/11.3.0
 /home/gabriel/Desktop/buildroot-clone/buildroot/output/host/lib/gcc/aarch64-buildroot-linux-gnu/11.3.0/../../../../aarch64-buildroot-linux-gnu/include/c++/11.3.0/aarch64-buildroot-linux-gnu
 /home/gabriel/Desktop/buildroot-clone/buildroot/output/host/lib/gcc/aarch64-buildroot-linux-gnu/11.3.0/../../../../aarch64-buildroot-linux-gnu/include/c++/11.3.0/backward
 /home/gabriel/Desktop/buildroot-clone/buildroot/output/host/lib/gcc/aarch64-buildroot-linux-gnu/11.3.0/include
 /home/gabriel/Desktop/buildroot-clone/buildroot/output/host/lib/gcc/aarch64-buildroot-linux-gnu/11.3.0/include-fixed
 /home/gabriel/Desktop/buildroot-clone/buildroot/output/host/lib/gcc/aarch64-buildroot-linux-gnu/11.3.0/../../../../aarch64-buildroot-linux-gnu/include
 /home/gabriel/Desktop/buildroot-clone/buildroot/output/host/aarch64-buildroot-linux-gnu/sysroot/usr/include
End of search list.
GNU C++17 (Buildroot 2022.08.2) version 11.3.0 (aarch64-buildroot-linux-gnu)
	compiled by GNU C version 13.2.1 20230801, GMP version 6.2.1, MPFR version 4.1.0, MPC version 1.2.1, isl version none
GGC heuristics: --param ggc-min-expand=100 --param ggc-min-heapsize=131072
Compiler executable checksum: cd0baa007e68fd6ccbeaaba56babf349
COLLECT_GCC_OPTIONS='-fstack-protector-strong' '-fPIE' '-pie' '-D' '_LARGEFILE_SOURCE' '-D' '_LARGEFILE64_SOURCE' '-D' '_FILE_OFFSET_BITS=64' '-Os' '-g0' '-D' '_FORTIFY_SOURCE=1' '-D' 'NDEBUG' '-v' '-o' 'CMakeFiles/cmTC_acbad.dir/CMakeCXXCompilerABI.cpp.o' '-c' '-shared-libgcc' '-mcpu=cortex-a55' '-mlittle-endian' '-mabi=lp64' '-dumpdir' 'CMakeFiles/cmTC_acbad.dir/'
 /home/gabriel/Desktop/buildroot-clone/buildroot/output/host/lib/gcc/aarch64-buildroot-linux-gnu/11.3.0/../../../../aarch64-buildroot-linux-gnu/bin/as -v -EL -march=armv8.2-a+fp16+rcpc+dotprod -mabi=lp64 -o CMakeFiles/cmTC_acbad.dir/CMakeCXXCompilerABI.cpp.o /tmp/ccwbPWD7.s
GNU assembler version 2.37 (aarch64-buildroot-linux-gnu) using BFD version (GNU Binutils) 2.37
COMPILER_PATH=/home/gabriel/Desktop/buildroot-clone/buildroot/output/host/libexec/gcc/aarch64-buildroot-linux-gnu/11.3.0/:/home/gabriel/Desktop/buildroot-clone/buildroot/output/host/libexec/gcc/aarch64-buildroot-linux-gnu/11.3.0/:/home/gabriel/Desktop/buildroot-clone/buildroot/output/host/libexec/gcc/aarch64-buildroot-linux-gnu/:/home/gabriel/Desktop/buildroot-clone/buildroot/output/host/lib/gcc/aarch64-buildroot-linux-gnu/11.3.0/:/home/gabriel/Desktop/buildroot-clone/buildroot/output/host/lib/gcc/aarch64-buildroot-linux-gnu/:/home/gabriel/Desktop/buildroot-clone/buildroot/output/host/lib/gcc/aarch64-buildroot-linux-gnu/11.3.0/../../../../aarch64-buildroot-linux-gnu/bin/
LIBRARY_PATH=/home/gabriel/Desktop/buildroot-clone/buildroot/output/host/lib/gcc/aarch64-buildroot-linux-gnu/11.3.0/:/home/gabriel/Desktop/buildroot-clone/buildroot/output/host/lib/gcc/aarch64-buildroot-linux-gnu/11.3.0/../../../../aarch64-buildroot-linux-gnu/lib/../lib64/:/home/gabriel/Desktop/buildroot-clone/buildroot/output/host/aarch64-buildroot-linux-gnu/sysroot/lib/../lib64/:/home/gabriel/Desktop/buildroot-clone/buildroot/output/host/aarch64-buildroot-linux-gnu/sysroot/usr/lib/../lib64/:/home/gabriel/Desktop/buildroot-clone/buildroot/output/host/lib/gcc/aarch64-buildroot-linux-gnu/11.3.0/../../../../aarch64-buildroot-linux-gnu/lib/:/home/gabriel/Desktop/buildroot-clone/buildroot/output/host/aarch64-buildroot-linux-gnu/sysroot/lib/:/home/gabriel/Desktop/buildroot-clone/buildroot/output/host/aarch64-buildroot-linux-gnu/sysroot/usr/lib/
COLLECT_GCC_OPTIONS='-fstack-protector-strong' '-fPIE' '-pie' '-D' '_LARGEFILE_SOURCE' '-D' '_LARGEFILE64_SOURCE' '-D' '_FILE_OFFSET_BITS=64' '-Os' '-g0' '-D' '_FORTIFY_SOURCE=1' '-D' 'NDEBUG' '-v' '-o' 'CMakeFiles/cmTC_acbad.dir/CMakeCXXCompilerABI.cpp.o' '-c' '-shared-libgcc' '-mcpu=cortex-a55' '-mlittle-endian' '-mabi=lp64' '-dumpdir' 'CMakeFiles/cmTC_acbad.dir/CMakeCXXCompilerABI.cpp.'
Linking CXX executable cmTC_acbad
/home/gabriel/Desktop/buildroot-clone/buildroot/output/host/bin/cmake -E cmake_link_script CMakeFiles/cmTC_acbad.dir/link.txt --verbose=1
/home/gabriel/Desktop/buildroot-clone/buildroot/output/host/bin/aarch64-buildroot-linux-gnu-g++ --sysroot=/home/gabriel/Desktop/buildroot-clone/buildroot/output/host/aarch64-buildroot-linux-gnu/sysroot -D_LARGEFILE_SOURCE -D_LARGEFILE64_SOURCE -D_FILE_OFFSET_BITS=64 -Os -g0 -D_FORTIFY_SOURCE=1   -DNDEBUG  -v CMakeFiles/cmTC_acbad.dir/CMakeCXXCompilerABI.cpp.o -o cmTC_acbad 
Using built-in specs.
COLLECT_GCC=/home/gabriel/Desktop/buildroot-clone/buildroot/output/host/bin/aarch64-buildroot-linux-gnu-g++.br_real
COLLECT_LTO_WRAPPER=/home/gabriel/Desktop/buildroot-clone/buildroot/output/host/libexec/gcc/aarch64-buildroot-linux-gnu/11.3.0/lto-wrapper
Target: aarch64-buildroot-linux-gnu
Configured with: ./configure --prefix=/home/gabriel/Desktop/buildroot-clone/buildroot/output/host --sysconfdir=/home/gabriel/Desktop/buildroot-clone/buildroot/output/host/etc --enable-static --target=aarch64-buildroot-linux-gnu --with-sysroot=/home/gabriel/Desktop/buildroot-clone/buildroot/output/host/aarch64-buildroot-linux-gnu/sysroot --enable-__cxa_atexit --with-gnu-ld --disable-libssp --disable-multilib --disable-decimal-float --enable-plugins --enable-lto --with-gmp=/home/gabriel/Desktop/buildroot-clone/buildroot/output/host --with-mpc=/home/gabriel/Desktop/buildroot-clone/buildroot/output/host --with-mpfr=/home/gabriel/Desktop/buildroot-clone/buildroot/output/host --with-pkgversion='Buildroot 2022.08.2' --with-bugurl=http://bugs.buildroot.net/ --without-zstd --disable-libquadmath --disable-libquadmath-support --enable-tls --enable-threads --without-isl --without-cloog --with-abi=lp64 --with-cpu=cortex-a55 --enable-languages=c,c++ --with-build-time-tools=/home/gabriel/Desktop/buildroot-clone/buildroot/output/host/aarch64-buildroot-linux-gnu/bin --enable-shared --disable-libgomp
Thread model: posix
Supported LTO compression algorithms: zlib
gcc version 11.3.0 (Buildroot 2022.08.2) 
COMPILER_PATH=/home/gabriel/Desktop/buildroot-clone/buildroot/output/host/libexec/gcc/aarch64-buildroot-linux-gnu/11.3.0/:/home/gabriel/Desktop/buildroot-clone/buildroot/output/host/libexec/gcc/aarch64-buildroot-linux-gnu/11.3.0/:/home/gabriel/Desktop/buildroot-clone/buildroot/output/host/libexec/gcc/aarch64-buildroot-linux-gnu/:/home/gabriel/Desktop/buildroot-clone/buildroot/output/host/lib/gcc/aarch64-buildroot-linux-gnu/11.3.0/:/home/gabriel/Desktop/buildroot-clone/buildroot/output/host/lib/gcc/aarch64-buildroot-linux-gnu/:/home/gabriel/Desktop/buildroot-clone/buildroot/output/host/lib/gcc/aarch64-buildroot-linux-gnu/11.3.0/../../../../aarch64-buildroot-linux-gnu/bin/
LIBRARY_PATH=/home/gabriel/Desktop/buildroot-clone/buildroot/output/host/lib/gcc/aarch64-buildroot-linux-gnu/11.3.0/:/home/gabriel/Desktop/buildroot-clone/buildroot/output/host/lib/gcc/aarch64-buildroot-linux-gnu/11.3.0/../../../../aarch64-buildroot-linux-gnu/lib/../lib64/:/home/gabriel/Desktop/buildroot-clone/buildroot/output/host/aarch64-buildroot-linux-gnu/sysroot/lib/../lib64/:/home/gabriel/Desktop/buildroot-clone/buildroot/output/host/aarch64-buildroot-linux-gnu/sysroot/usr/lib/../lib64/:/home/gabriel/Desktop/buildroot-clone/buildroot/output/host/lib/gcc/aarch64-buildroot-linux-gnu/11.3.0/../../../../aarch64-buildroot-linux-gnu/lib/:/home/gabriel/Desktop/buildroot-clone/buildroot/output/host/aarch64-buildroot-linux-gnu/sysroot/lib/:/home/gabriel/Desktop/buildroot-clone/buildroot/output/host/aarch64-buildroot-linux-gnu/sysroot/usr/lib/
COLLECT_GCC_OPTIONS='-fstack-protector-strong' '-fPIE' '-pie' '-D' '_LARGEFILE_SOURCE' '-D' '_LARGEFILE64_SOURCE' '-D' '_FILE_OFFSET_BITS=64' '-Os' '-g0' '-D' '_FORTIFY_SOURCE=1' '-D' 'NDEBUG' '-v' '-o' 'cmTC_acbad' '-shared-libgcc' '-mcpu=cortex-a55' '-mlittle-endian' '-mabi=lp64' '-dumpdir' 'cmTC_acbad.'
 /home/gabriel/Desktop/buildroot-clone/buildroot/output/host/libexec/gcc/aarch64-buildroot-linux-gnu/11.3.0/collect2 -plugin /home/gabriel/Desktop/buildroot-clone/buildroot/output/host/libexec/gcc/aarch64-buildroot-linux-gnu/11.3.0/liblto_plugin.so -plugin-opt=/home/gabriel/Desktop/buildroot-clone/buildroot/output/host/libexec/gcc/aarch64-buildroot-linux-gnu/11.3.0/lto-wrapper -plugin-opt=-fresolution=/tmp/ccTViZDn.res -plugin-opt=-pass-through=-lgcc_s -plugin-opt=-pass-through=-lgcc -plugin-opt=-pass-through=-lc -plugin-opt=-pass-through=-lgcc_s -plugin-opt=-pass-through=-lgcc --sysroot=/home/gabriel/Desktop/buildroot-clone/buildroot/output/host/aarch64-buildroot-linux-gnu/sysroot --eh-frame-hdr -dynamic-linker /lib/ld-linux-aarch64.so.1 -X -EL -maarch64linux -pie -o cmTC_acbad /home/gabriel/Desktop/buildroot-clone/buildroot/output/host/aarch64-buildroot-linux-gnu/sysroot/usr/lib/../lib64/Scrt1.o /home/gabriel/Desktop/buildroot-clone/buildroot/output/host/aarch64-buildroot-linux-gnu/sysroot/usr/lib/../lib64/crti.o /home/gabriel/Desktop/buildroot-clone/buildroot/output/host/lib/gcc/aarch64-buildroot-linux-gnu/11.3.0/crtbeginS.o -L/home/gabriel/Desktop/buildroot-clone/buildroot/output/host/lib/gcc/aarch64-buildroot-linux-gnu/11.3.0 -L/home/gabriel/Desktop/buildroot-clone/buildroot/output/host/lib/gcc/aarch64-buildroot-linux-gnu/11.3.0/../../../../aarch64-buildroot-linux-gnu/lib/../lib64 -L/home/gabriel/Desktop/buildroot-clone/buildroot/output/host/aarch64-buildroot-linux-gnu/sysroot/lib/../lib64 -L/home/gabriel/Desktop/buildroot-clone/buildroot/output/host/aarch64-buildroot-linux-gnu/sysroot/usr/lib/../lib64 -L/home/gabriel/Desktop/buildroot-clone/buildroot/output/host/lib/gcc/aarch64-buildroot-linux-gnu/11.3.0/../../../../aarch64-buildroot-linux-gnu/lib -L/home/gabriel/Desktop/buildroot-clone/buildroot/output/host/aarch64-buildroot-linux-gnu/sysroot/lib -L/home/gabriel/Desktop/buildroot-clone/buildroot/output/host/aarch64-buildroot-linux-gnu/sysroot/usr/lib -z max-page-size=4096 -z common-page-size=4096 -z now -z relro CMakeFiles/cmTC_acbad.dir/CMakeCXXCompilerABI.cpp.o -lstdc++ -lm -lgcc_s -lgcc -lc -lgcc_s -lgcc /home/gabriel/Desktop/buildroot-clone/buildroot/output/host/lib/gcc/aarch64-buildroot-linux-gnu/11.3.0/crtendS.o /home/gabriel/Desktop/buildroot-clone/buildroot/output/host/aarch64-buildroot-linux-gnu/sysroot/usr/lib/../lib64/crtn.o
COLLECT_GCC_OPTIONS='-fstack-protector-strong' '-fPIE' '-pie' '-D' '_LARGEFILE_SOURCE' '-D' '_LARGEFILE64_SOURCE' '-D' '_FILE_OFFSET_BITS=64' '-Os' '-g0' '-D' '_FORTIFY_SOURCE=1' '-D' 'NDEBUG' '-v' '-o' 'cmTC_acbad' '-shared-libgcc' '-mcpu=cortex-a55' '-mlittle-endian' '-mabi=lp64' '-dumpdir' 'cmTC_acbad.'
make[3]: Leaving directory '/home/gabriel/Desktop/buildroot-clone/buildroot/output/build/rknpu2-v1.4.0/examples/rknn_yolov5_demo/CMakeFiles/CMakeTmp'
make[2]: Leaving directory '/home/gabriel/Desktop/buildroot-clone/buildroot/output/build/rknpu2-v1.4.0/examples/rknn_yolov5_demo/CMakeFiles/CMakeTmp'



Parsed CXX implicit include dir info from above output: rv=done
  found start of include info
  found start of implicit include info
    add: [/home/gabriel/Desktop/buildroot-clone/buildroot/output/host/lib/gcc/aarch64-buildroot-linux-gnu/11.3.0/../../../../aarch64-buildroot-linux-gnu/include/c++/11.3.0]
    add: [/home/gabriel/Desktop/buildroot-clone/buildroot/output/host/lib/gcc/aarch64-buildroot-linux-gnu/11.3.0/../../../../aarch64-buildroot-linux-gnu/include/c++/11.3.0/aarch64-buildroot-linux-gnu]
    add: [/home/gabriel/Desktop/buildroot-clone/buildroot/output/host/lib/gcc/aarch64-buildroot-linux-gnu/11.3.0/../../../../aarch64-buildroot-linux-gnu/include/c++/11.3.0/backward]
    add: [/home/gabriel/Desktop/buildroot-clone/buildroot/output/host/lib/gcc/aarch64-buildroot-linux-gnu/11.3.0/include]
    add: [/home/gabriel/Desktop/buildroot-clone/buildroot/output/host/lib/gcc/aarch64-buildroot-linux-gnu/11.3.0/include-fixed]
    add: [/home/gabriel/Desktop/buildroot-clone/buildroot/output/host/lib/gcc/aarch64-buildroot-linux-gnu/11.3.0/../../../../aarch64-buildroot-linux-gnu/include]
    add: [/home/gabriel/Desktop/buildroot-clone/buildroot/output/host/aarch64-buildroot-linux-gnu/sysroot/usr/include]
  end of search list found
  collapse include dir [/home/gabriel/Desktop/buildroot-clone/buildroot/output/host/lib/gcc/aarch64-buildroot-linux-gnu/11.3.0/../../../../aarch64-buildroot-linux-gnu/include/c++/11.3.0] ==> [/home/gabriel/Desktop/buildroot-clone/buildroot/output/host/aarch64-buildroot-linux-gnu/include/c++/11.3.0]
  collapse include dir [/home/gabriel/Desktop/buildroot-clone/buildroot/output/host/lib/gcc/aarch64-buildroot-linux-gnu/11.3.0/../../../../aarch64-buildroot-linux-gnu/include/c++/11.3.0/aarch64-buildroot-linux-gnu] ==> [/home/gabriel/Desktop/buildroot-clone/buildroot/output/host/aarch64-buildroot-linux-gnu/include/c++/11.3.0/aarch64-buildroot-linux-gnu]
  collapse include dir [/home/gabriel/Desktop/buildroot-clone/buildroot/output/host/lib/gcc/aarch64-buildroot-linux-gnu/11.3.0/../../../../aarch64-buildroot-linux-gnu/include/c++/11.3.0/backward] ==> [/home/gabriel/Desktop/buildroot-clone/buildroot/output/host/aarch64-buildroot-linux-gnu/include/c++/11.3.0/backward]
  collapse include dir [/home/gabriel/Desktop/buildroot-clone/buildroot/output/host/lib/gcc/aarch64-buildroot-linux-gnu/11.3.0/include] ==> [/home/gabriel/Desktop/buildroot-clone/buildroot/output/host/lib/gcc/aarch64-buildroot-linux-gnu/11.3.0/include]
  collapse include dir [/home/gabriel/Desktop/buildroot-clone/buildroot/output/host/lib/gcc/aarch64-buildroot-linux-gnu/11.3.0/include-fixed] ==> [/home/gabriel/Desktop/buildroot-clone/buildroot/output/host/lib/gcc/aarch64-buildroot-linux-gnu/11.3.0/include-fixed]
  collapse include dir [/home/gabriel/Desktop/buildroot-clone/buildroot/output/host/lib/gcc/aarch64-buildroot-linux-gnu/11.3.0/../../../../aarch64-buildroot-linux-gnu/include] ==> [/home/gabriel/Desktop/buildroot-clone/buildroot/output/host/aarch64-buildroot-linux-gnu/include]
  collapse include dir [/home/gabriel/Desktop/buildroot-clone/buildroot/output/host/aarch64-buildroot-linux-gnu/sysroot/usr/include] ==> [/home/gabriel/Desktop/buildroot-clone/buildroot/output/host/aarch64-buildroot-linux-gnu/sysroot/usr/include]
  implicit include dirs: [/home/gabriel/Desktop/buildroot-clone/buildroot/output/host/aarch64-buildroot-linux-gnu/include/c++/11.3.0;/home/gabriel/Desktop/buildroot-clone/buildroot/output/host/aarch64-buildroot-linux-gnu/include/c++/11.3.0/aarch64-buildroot-linux-gnu;/home/gabriel/Desktop/buildroot-clone/buildroot/output/host/aarch64-buildroot-linux-gnu/include/c++/11.3.0/backward;/home/gabriel/Desktop/buildroot-clone/buildroot/output/host/lib/gcc/aarch64-buildroot-linux-gnu/11.3.0/include;/home/gabriel/Desktop/buildroot-clone/buildroot/output/host/lib/gcc/aarch64-buildroot-linux-gnu/11.3.0/include-fixed;/home/gabriel/Desktop/buildroot-clone/buildroot/output/host/aarch64-buildroot-linux-gnu/include;/home/gabriel/Desktop/buildroot-clone/buildroot/output/host/aarch64-buildroot-linux-gnu/sysroot/usr/include]


Parsed CXX implicit link information from above output:
  link line regex: [^( *|.*[/\])(aarch64-buildroot-linux-gnu-ld|CMAKE_LINK_STARTFILE-NOTFOUND|([^/\]+-)?ld|collect2)[^/\]*( |$)]
  ignore line: [Change Dir: /home/gabriel/Desktop/buildroot-clone/buildroot/output/build/rknpu2-v1.4.0/examples/rknn_yolov5_demo/CMakeFiles/CMakeTmp]
  ignore line: []
  ignore line: [Run Build Command(s):/usr/bin/make -f Makefile cmTC_acbad/fast && make[2]: Entering directory '/home/gabriel/Desktop/buildroot-clone/buildroot/output/build/rknpu2-v1.4.0/examples/rknn_yolov5_demo/CMakeFiles/CMakeTmp']
  ignore line: [/usr/bin/make  -f CMakeFiles/cmTC_acbad.dir/build.make CMakeFiles/cmTC_acbad.dir/build]
  ignore line: [make[3]: Entering directory '/home/gabriel/Desktop/buildroot-clone/buildroot/output/build/rknpu2-v1.4.0/examples/rknn_yolov5_demo/CMakeFiles/CMakeTmp']
  ignore line: [Building CXX object CMakeFiles/cmTC_acbad.dir/CMakeCXXCompilerABI.cpp.o]
  ignore line: [/home/gabriel/Desktop/buildroot-clone/buildroot/output/host/bin/aarch64-buildroot-linux-gnu-g++ --sysroot=/home/gabriel/Desktop/buildroot-clone/buildroot/output/host/aarch64-buildroot-linux-gnu/sysroot   -D_LARGEFILE_SOURCE -D_LARGEFILE64_SOURCE -D_FILE_OFFSET_BITS=64 -Os -g0 -D_FORTIFY_SOURCE=1   -DNDEBUG   -v -o CMakeFiles/cmTC_acbad.dir/CMakeCXXCompilerABI.cpp.o -c /home/gabriel/Desktop/buildroot-clone/buildroot/output/host/share/cmake-3.22/Modules/CMakeCXXCompilerABI.cpp]
  ignore line: [Using built-in specs.]
  ignore line: [COLLECT_GCC=/home/gabriel/Desktop/buildroot-clone/buildroot/output/host/bin/aarch64-buildroot-linux-gnu-g++.br_real]
  ignore line: [Target: aarch64-buildroot-linux-gnu]
  ignore line: [Configured with: ./configure --prefix=/home/gabriel/Desktop/buildroot-clone/buildroot/output/host --sysconfdir=/home/gabriel/Desktop/buildroot-clone/buildroot/output/host/etc --enable-static --target=aarch64-buildroot-linux-gnu --with-sysroot=/home/gabriel/Desktop/buildroot-clone/buildroot/output/host/aarch64-buildroot-linux-gnu/sysroot --enable-__cxa_atexit --with-gnu-ld --disable-libssp --disable-multilib --disable-decimal-float --enable-plugins --enable-lto --with-gmp=/home/gabriel/Desktop/buildroot-clone/buildroot/output/host --with-mpc=/home/gabriel/Desktop/buildroot-clone/buildroot/output/host --with-mpfr=/home/gabriel/Desktop/buildroot-clone/buildroot/output/host --with-pkgversion='Buildroot 2022.08.2' --with-bugurl=http://bugs.buildroot.net/ --without-zstd --disable-libquadmath --disable-libquadmath-support --enable-tls --enable-threads --without-isl --without-cloog --with-abi=lp64 --with-cpu=cortex-a55 --enable-languages=c,c++ --with-build-time-tools=/home/gabriel/Desktop/buildroot-clone/buildroot/output/host/aarch64-buildroot-linux-gnu/bin --enable-shared --disable-libgomp]
  ignore line: [Thread model: posix]
  ignore line: [Supported LTO compression algorithms: zlib]
  ignore line: [gcc version 11.3.0 (Buildroot 2022.08.2) ]
  ignore line: [COLLECT_GCC_OPTIONS='-fstack-protector-strong' '-fPIE' '-pie' '-D' '_LARGEFILE_SOURCE' '-D' '_LARGEFILE64_SOURCE' '-D' '_FILE_OFFSET_BITS=64' '-Os' '-g0' '-D' '_FORTIFY_SOURCE=1' '-D' 'NDEBUG' '-v' '-o' 'CMakeFiles/cmTC_acbad.dir/CMakeCXXCompilerABI.cpp.o' '-c' '-shared-libgcc' '-mcpu=cortex-a55' '-mlittle-endian' '-mabi=lp64' '-dumpdir' 'CMakeFiles/cmTC_acbad.dir/']
  ignore line: [ /home/gabriel/Desktop/buildroot-clone/buildroot/output/host/libexec/gcc/aarch64-buildroot-linux-gnu/11.3.0/cc1plus -quiet -v -isysroot /home/gabriel/Desktop/buildroot-clone/buildroot/output/host/aarch64-buildroot-linux-gnu/sysroot -D_GNU_SOURCE -D _LARGEFILE_SOURCE -D _LARGEFILE64_SOURCE -D _FILE_OFFSET_BITS=64 -D _FORTIFY_SOURCE=1 -D NDEBUG /home/gabriel/Desktop/buildroot-clone/buildroot/output/host/share/cmake-3.22/Modules/CMakeCXXCompilerABI.cpp -quiet -dumpdir CMakeFiles/cmTC_acbad.dir/ -dumpbase CMakeCXXCompilerABI.cpp.cpp -dumpbase-ext .cpp -mcpu=cortex-a55 -mlittle-endian -mabi=lp64 -g0 -Os -version -fstack-protector-strong -fPIE -o /tmp/ccwbPWD7.s]
  ignore line: [GNU C++17 (Buildroot 2022.08.2) version 11.3.0 (aarch64-buildroot-linux-gnu)]
  ignore line: [	compiled by GNU C version 13.2.1 20230801  GMP version 6.2.1  MPFR version 4.1.0  MPC version 1.2.1  isl version none]
  ignore line: [GGC heuristics: --param ggc-min-expand=100 --param ggc-min-heapsize=131072]
  ignore line: [ignoring nonexistent directory "/home/gabriel/Desktop/buildroot-clone/buildroot/output/host/aarch64-buildroot-linux-gnu/sysroot/usr/local/include"]
  ignore line: [#include "..." search starts here:]
  ignore line: [#include <...> search starts here:]
  ignore line: [ /home/gabriel/Desktop/buildroot-clone/buildroot/output/host/lib/gcc/aarch64-buildroot-linux-gnu/11.3.0/../../../../aarch64-buildroot-linux-gnu/include/c++/11.3.0]
  ignore line: [ /home/gabriel/Desktop/buildroot-clone/buildroot/output/host/lib/gcc/aarch64-buildroot-linux-gnu/11.3.0/../../../../aarch64-buildroot-linux-gnu/include/c++/11.3.0/aarch64-buildroot-linux-gnu]
  ignore line: [ /home/gabriel/Desktop/buildroot-clone/buildroot/output/host/lib/gcc/aarch64-buildroot-linux-gnu/11.3.0/../../../../aarch64-buildroot-linux-gnu/include/c++/11.3.0/backward]
  ignore line: [ /home/gabriel/Desktop/buildroot-clone/buildroot/output/host/lib/gcc/aarch64-buildroot-linux-gnu/11.3.0/include]
  ignore line: [ /home/gabriel/Desktop/buildroot-clone/buildroot/output/host/lib/gcc/aarch64-buildroot-linux-gnu/11.3.0/include-fixed]
  ignore line: [ /home/gabriel/Desktop/buildroot-clone/buildroot/output/host/lib/gcc/aarch64-buildroot-linux-gnu/11.3.0/../../../../aarch64-buildroot-linux-gnu/include]
  ignore line: [ /home/gabriel/Desktop/buildroot-clone/buildroot/output/host/aarch64-buildroot-linux-gnu/sysroot/usr/include]
  ignore line: [End of search list.]
  ignore line: [GNU C++17 (Buildroot 2022.08.2) version 11.3.0 (aarch64-buildroot-linux-gnu)]
  ignore line: [	compiled by GNU C version 13.2.1 20230801  GMP version 6.2.1  MPFR version 4.1.0  MPC version 1.2.1  isl version none]
  ignore line: [GGC heuristics: --param ggc-min-expand=100 --param ggc-min-heapsize=131072]
  ignore line: [Compiler executable checksum: cd0baa007e68fd6ccbeaaba56babf349]
  ignore line: [COLLECT_GCC_OPTIONS='-fstack-protector-strong' '-fPIE' '-pie' '-D' '_LARGEFILE_SOURCE' '-D' '_LARGEFILE64_SOURCE' '-D' '_FILE_OFFSET_BITS=64' '-Os' '-g0' '-D' '_FORTIFY_SOURCE=1' '-D' 'NDEBUG' '-v' '-o' 'CMakeFiles/cmTC_acbad.dir/CMakeCXXCompilerABI.cpp.o' '-c' '-shared-libgcc' '-mcpu=cortex-a55' '-mlittle-endian' '-mabi=lp64' '-dumpdir' 'CMakeFiles/cmTC_acbad.dir/']
  ignore line: [ /home/gabriel/Desktop/buildroot-clone/buildroot/output/host/lib/gcc/aarch64-buildroot-linux-gnu/11.3.0/../../../../aarch64-buildroot-linux-gnu/bin/as -v -EL -march=armv8.2-a+fp16+rcpc+dotprod -mabi=lp64 -o CMakeFiles/cmTC_acbad.dir/CMakeCXXCompilerABI.cpp.o /tmp/ccwbPWD7.s]
  ignore line: [GNU assembler version 2.37 (aarch64-buildroot-linux-gnu) using BFD version (GNU Binutils) 2.37]
  ignore line: [COMPILER_PATH=/home/gabriel/Desktop/buildroot-clone/buildroot/output/host/libexec/gcc/aarch64-buildroot-linux-gnu/11.3.0/:/home/gabriel/Desktop/buildroot-clone/buildroot/output/host/libexec/gcc/aarch64-buildroot-linux-gnu/11.3.0/:/home/gabriel/Desktop/buildroot-clone/buildroot/output/host/libexec/gcc/aarch64-buildroot-linux-gnu/:/home/gabriel/Desktop/buildroot-clone/buildroot/output/host/lib/gcc/aarch64-buildroot-linux-gnu/11.3.0/:/home/gabriel/Desktop/buildroot-clone/buildroot/output/host/lib/gcc/aarch64-buildroot-linux-gnu/:/home/gabriel/Desktop/buildroot-clone/buildroot/output/host/lib/gcc/aarch64-buildroot-linux-gnu/11.3.0/../../../../aarch64-buildroot-linux-gnu/bin/]
  ignore line: [LIBRARY_PATH=/home/gabriel/Desktop/buildroot-clone/buildroot/output/host/lib/gcc/aarch64-buildroot-linux-gnu/11.3.0/:/home/gabriel/Desktop/buildroot-clone/buildroot/output/host/lib/gcc/aarch64-buildroot-linux-gnu/11.3.0/../../../../aarch64-buildroot-linux-gnu/lib/../lib64/:/home/gabriel/Desktop/buildroot-clone/buildroot/output/host/aarch64-buildroot-linux-gnu/sysroot/lib/../lib64/:/home/gabriel/Desktop/buildroot-clone/buildroot/output/host/aarch64-buildroot-linux-gnu/sysroot/usr/lib/../lib64/:/home/gabriel/Desktop/buildroot-clone/buildroot/output/host/lib/gcc/aarch64-buildroot-linux-gnu/11.3.0/../../../../aarch64-buildroot-linux-gnu/lib/:/home/gabriel/Desktop/buildroot-clone/buildroot/output/host/aarch64-buildroot-linux-gnu/sysroot/lib/:/home/gabriel/Desktop/buildroot-clone/buildroot/output/host/aarch64-buildroot-linux-gnu/sysroot/usr/lib/]
  ignore line: [COLLECT_GCC_OPTIONS='-fstack-protector-strong' '-fPIE' '-pie' '-D' '_LARGEFILE_SOURCE' '-D' '_LARGEFILE64_SOURCE' '-D' '_FILE_OFFSET_BITS=64' '-Os' '-g0' '-D' '_FORTIFY_SOURCE=1' '-D' 'NDEBUG' '-v' '-o' 'CMakeFiles/cmTC_acbad.dir/CMakeCXXCompilerABI.cpp.o' '-c' '-shared-libgcc' '-mcpu=cortex-a55' '-mlittle-endian' '-mabi=lp64' '-dumpdir' 'CMakeFiles/cmTC_acbad.dir/CMakeCXXCompilerABI.cpp.']
  ignore line: [Linking CXX executable cmTC_acbad]
  ignore line: [/home/gabriel/Desktop/buildroot-clone/buildroot/output/host/bin/cmake -E cmake_link_script CMakeFiles/cmTC_acbad.dir/link.txt --verbose=1]
  ignore line: [/home/gabriel/Desktop/buildroot-clone/buildroot/output/host/bin/aarch64-buildroot-linux-gnu-g++ --sysroot=/home/gabriel/Desktop/buildroot-clone/buildroot/output/host/aarch64-buildroot-linux-gnu/sysroot -D_LARGEFILE_SOURCE -D_LARGEFILE64_SOURCE -D_FILE_OFFSET_BITS=64 -Os -g0 -D_FORTIFY_SOURCE=1   -DNDEBUG  -v CMakeFiles/cmTC_acbad.dir/CMakeCXXCompilerABI.cpp.o -o cmTC_acbad ]
  ignore line: [Using built-in specs.]
  ignore line: [COLLECT_GCC=/home/gabriel/Desktop/buildroot-clone/buildroot/output/host/bin/aarch64-buildroot-linux-gnu-g++.br_real]
  ignore line: [COLLECT_LTO_WRAPPER=/home/gabriel/Desktop/buildroot-clone/buildroot/output/host/libexec/gcc/aarch64-buildroot-linux-gnu/11.3.0/lto-wrapper]
  ignore line: [Target: aarch64-buildroot-linux-gnu]
  ignore line: [Configured with: ./configure --prefix=/home/gabriel/Desktop/buildroot-clone/buildroot/output/host --sysconfdir=/home/gabriel/Desktop/buildroot-clone/buildroot/output/host/etc --enable-static --target=aarch64-buildroot-linux-gnu --with-sysroot=/home/gabriel/Desktop/buildroot-clone/buildroot/output/host/aarch64-buildroot-linux-gnu/sysroot --enable-__cxa_atexit --with-gnu-ld --disable-libssp --disable-multilib --disable-decimal-float --enable-plugins --enable-lto --with-gmp=/home/gabriel/Desktop/buildroot-clone/buildroot/output/host --with-mpc=/home/gabriel/Desktop/buildroot-clone/buildroot/output/host --with-mpfr=/home/gabriel/Desktop/buildroot-clone/buildroot/output/host --with-pkgversion='Buildroot 2022.08.2' --with-bugurl=http://bugs.buildroot.net/ --without-zstd --disable-libquadmath --disable-libquadmath-support --enable-tls --enable-threads --without-isl --without-cloog --with-abi=lp64 --with-cpu=cortex-a55 --enable-languages=c,c++ --with-build-time-tools=/home/gabriel/Desktop/buildroot-clone/buildroot/output/host/aarch64-buildroot-linux-gnu/bin --enable-shared --disable-libgomp]
  ignore line: [Thread model: posix]
  ignore line: [Supported LTO compression algorithms: zlib]
  ignore line: [gcc version 11.3.0 (Buildroot 2022.08.2) ]
  ignore line: [COMPILER_PATH=/home/gabriel/Desktop/buildroot-clone/buildroot/output/host/libexec/gcc/aarch64-buildroot-linux-gnu/11.3.0/:/home/gabriel/Desktop/buildroot-clone/buildroot/output/host/libexec/gcc/aarch64-buildroot-linux-gnu/11.3.0/:/home/gabriel/Desktop/buildroot-clone/buildroot/output/host/libexec/gcc/aarch64-buildroot-linux-gnu/:/home/gabriel/Desktop/buildroot-clone/buildroot/output/host/lib/gcc/aarch64-buildroot-linux-gnu/11.3.0/:/home/gabriel/Desktop/buildroot-clone/buildroot/output/host/lib/gcc/aarch64-buildroot-linux-gnu/:/home/gabriel/Desktop/buildroot-clone/buildroot/output/host/lib/gcc/aarch64-buildroot-linux-gnu/11.3.0/../../../../aarch64-buildroot-linux-gnu/bin/]
  ignore line: [LIBRARY_PATH=/home/gabriel/Desktop/buildroot-clone/buildroot/output/host/lib/gcc/aarch64-buildroot-linux-gnu/11.3.0/:/home/gabriel/Desktop/buildroot-clone/buildroot/output/host/lib/gcc/aarch64-buildroot-linux-gnu/11.3.0/../../../../aarch64-buildroot-linux-gnu/lib/../lib64/:/home/gabriel/Desktop/buildroot-clone/buildroot/output/host/aarch64-buildroot-linux-gnu/sysroot/lib/../lib64/:/home/gabriel/Desktop/buildroot-clone/buildroot/output/host/aarch64-buildroot-linux-gnu/sysroot/usr/lib/../lib64/:/home/gabriel/Desktop/buildroot-clone/buildroot/output/host/lib/gcc/aarch64-buildroot-linux-gnu/11.3.0/../../../../aarch64-buildroot-linux-gnu/lib/:/home/gabriel/Desktop/buildroot-clone/buildroot/output/host/aarch64-buildroot-linux-gnu/sysroot/lib/:/home/gabriel/Desktop/buildroot-clone/buildroot/output/host/aarch64-buildroot-linux-gnu/sysroot/usr/lib/]
  ignore line: [COLLECT_GCC_OPTIONS='-fstack-protector-strong' '-fPIE' '-pie' '-D' '_LARGEFILE_SOURCE' '-D' '_LARGEFILE64_SOURCE' '-D' '_FILE_OFFSET_BITS=64' '-Os' '-g0' '-D' '_FORTIFY_SOURCE=1' '-D' 'NDEBUG' '-v' '-o' 'cmTC_acbad' '-shared-libgcc' '-mcpu=cortex-a55' '-mlittle-endian' '-mabi=lp64' '-dumpdir' 'cmTC_acbad.']
  link line: [ /home/gabriel/Desktop/buildroot-clone/buildroot/output/host/libexec/gcc/aarch64-buildroot-linux-gnu/11.3.0/collect2 -plugin /home/gabriel/Desktop/buildroot-clone/buildroot/output/host/libexec/gcc/aarch64-buildroot-linux-gnu/11.3.0/liblto_plugin.so -plugin-opt=/home/gabriel/Desktop/buildroot-clone/buildroot/output/host/libexec/gcc/aarch64-buildroot-linux-gnu/11.3.0/lto-wrapper -plugin-opt=-fresolution=/tmp/ccTViZDn.res -plugin-opt=-pass-through=-lgcc_s -plugin-opt=-pass-through=-lgcc -plugin-opt=-pass-through=-lc -plugin-opt=-pass-through=-lgcc_s -plugin-opt=-pass-through=-lgcc --sysroot=/home/gabriel/Desktop/buildroot-clone/buildroot/output/host/aarch64-buildroot-linux-gnu/sysroot --eh-frame-hdr -dynamic-linker /lib/ld-linux-aarch64.so.1 -X -EL -maarch64linux -pie -o cmTC_acbad /home/gabriel/Desktop/buildroot-clone/buildroot/output/host/aarch64-buildroot-linux-gnu/sysroot/usr/lib/../lib64/Scrt1.o /home/gabriel/Desktop/buildroot-clone/buildroot/output/host/aarch64-buildroot-linux-gnu/sysroot/usr/lib/../lib64/crti.o /home/gabriel/Desktop/buildroot-clone/buildroot/output/host/lib/gcc/aarch64-buildroot-linux-gnu/11.3.0/crtbeginS.o -L/home/gabriel/Desktop/buildroot-clone/buildroot/output/host/lib/gcc/aarch64-buildroot-linux-gnu/11.3.0 -L/home/gabriel/Desktop/buildroot-clone/buildroot/output/host/lib/gcc/aarch64-buildroot-linux-gnu/11.3.0/../../../../aarch64-buildroot-linux-gnu/lib/../lib64 -L/home/gabriel/Desktop/buildroot-clone/buildroot/output/host/aarch64-buildroot-linux-gnu/sysroot/lib/../lib64 -L/home/gabriel/Desktop/buildroot-clone/buildroot/output/host/aarch64-buildroot-linux-gnu/sysroot/usr/lib/../lib64 -L/home/gabriel/Desktop/buildroot-clone/buildroot/output/host/lib/gcc/aarch64-buildroot-linux-gnu/11.3.0/../../../../aarch64-buildroot-linux-gnu/lib -L/home/gabriel/Desktop/buildroot-clone/buildroot/output/host/aarch64-buildroot-linux-gnu/sysroot/lib -L/home/gabriel/Desktop/buildroot-clone/buildroot/output/host/aarch64-buildroot-linux-gnu/sysroot/usr/lib -z max-page-size=4096 -z common-page-size=4096 -z now -z relro CMakeFiles/cmTC_acbad.dir/CMakeCXXCompilerABI.cpp.o -lstdc++ -lm -lgcc_s -lgcc -lc -lgcc_s -lgcc /home/gabriel/Desktop/buildroot-clone/buildroot/output/host/lib/gcc/aarch64-buildroot-linux-gnu/11.3.0/crtendS.o /home/gabriel/Desktop/buildroot-clone/buildroot/output/host/aarch64-buildroot-linux-gnu/sysroot/usr/lib/../lib64/crtn.o]
    arg [/home/gabriel/Desktop/buildroot-clone/buildroot/output/host/libexec/gcc/aarch64-buildroot-linux-gnu/11.3.0/collect2] ==> ignore
    arg [-plugin] ==> ignore
    arg [/home/gabriel/Desktop/buildroot-clone/buildroot/output/host/libexec/gcc/aarch64-buildroot-linux-gnu/11.3.0/liblto_plugin.so] ==> ignore
    arg [-plugin-opt=/home/gabriel/Desktop/buildroot-clone/buildroot/output/host/libexec/gcc/aarch64-buildroot-linux-gnu/11.3.0/lto-wrapper] ==> ignore
    arg [-plugin-opt=-fresolution=/tmp/ccTViZDn.res] ==> ignore
    arg [-plugin-opt=-pass-through=-lgcc_s] ==> ignore
    arg [-plugin-opt=-pass-through=-lgcc] ==> ignore
    arg [-plugin-opt=-pass-through=-lc] ==> ignore
    arg [-plugin-opt=-pass-through=-lgcc_s] ==> ignore
    arg [-plugin-opt=-pass-through=-lgcc] ==> ignore
    arg [--sysroot=/home/gabriel/Desktop/buildroot-clone/buildroot/output/host/aarch64-buildroot-linux-gnu/sysroot] ==> ignore
    arg [--eh-frame-hdr] ==> ignore
    arg [-dynamic-linker] ==> ignore
    arg [/lib/ld-linux-aarch64.so.1] ==> ignore
    arg [-X] ==> ignore
    arg [-EL] ==> ignore
    arg [-maarch64linux] ==> ignore
    arg [-pie] ==> ignore
    arg [-o] ==> ignore
    arg [cmTC_acbad] ==> ignore
    arg [/home/gabriel/Desktop/buildroot-clone/buildroot/output/host/aarch64-buildroot-linux-gnu/sysroot/usr/lib/../lib64/Scrt1.o] ==> obj [/home/gabriel/Desktop/buildroot-clone/buildroot/output/host/aarch64-buildroot-linux-gnu/sysroot/usr/lib/../lib64/Scrt1.o]
    arg [/home/gabriel/Desktop/buildroot-clone/buildroot/output/host/aarch64-buildroot-linux-gnu/sysroot/usr/lib/../lib64/crti.o] ==> obj [/home/gabriel/Desktop/buildroot-clone/buildroot/output/host/aarch64-buildroot-linux-gnu/sysroot/usr/lib/../lib64/crti.o]
    arg [/home/gabriel/Desktop/buildroot-clone/buildroot/output/host/lib/gcc/aarch64-buildroot-linux-gnu/11.3.0/crtbeginS.o] ==> obj [/home/gabriel/Desktop/buildroot-clone/buildroot/output/host/lib/gcc/aarch64-buildroot-linux-gnu/11.3.0/crtbeginS.o]
    arg [-L/home/gabriel/Desktop/buildroot-clone/buildroot/output/host/lib/gcc/aarch64-buildroot-linux-gnu/11.3.0] ==> dir [/home/gabriel/Desktop/buildroot-clone/buildroot/output/host/lib/gcc/aarch64-buildroot-linux-gnu/11.3.0]
    arg [-L/home/gabriel/Desktop/buildroot-clone/buildroot/output/host/lib/gcc/aarch64-buildroot-linux-gnu/11.3.0/../../../../aarch64-buildroot-linux-gnu/lib/../lib64] ==> dir [/home/gabriel/Desktop/buildroot-clone/buildroot/output/host/lib/gcc/aarch64-buildroot-linux-gnu/11.3.0/../../../../aarch64-buildroot-linux-gnu/lib/../lib64]
    arg [-L/home/gabriel/Desktop/buildroot-clone/buildroot/output/host/aarch64-buildroot-linux-gnu/sysroot/lib/../lib64] ==> dir [/home/gabriel/Desktop/buildroot-clone/buildroot/output/host/aarch64-buildroot-linux-gnu/sysroot/lib/../lib64]
    arg [-L/home/gabriel/Desktop/buildroot-clone/buildroot/output/host/aarch64-buildroot-linux-gnu/sysroot/usr/lib/../lib64] ==> dir [/home/gabriel/Desktop/buildroot-clone/buildroot/output/host/aarch64-buildroot-linux-gnu/sysroot/usr/lib/../lib64]
    arg [-L/home/gabriel/Desktop/buildroot-clone/buildroot/output/host/lib/gcc/aarch64-buildroot-linux-gnu/11.3.0/../../../../aarch64-buildroot-linux-gnu/lib] ==> dir [/home/gabriel/Desktop/buildroot-clone/buildroot/output/host/lib/gcc/aarch64-buildroot-linux-gnu/11.3.0/../../../../aarch64-buildroot-linux-gnu/lib]
    arg [-L/home/gabriel/Desktop/buildroot-clone/buildroot/output/host/aarch64-buildroot-linux-gnu/sysroot/lib] ==> dir [/home/gabriel/Desktop/buildroot-clone/buildroot/output/host/aarch64-buildroot-linux-gnu/sysroot/lib]
    arg [-L/home/gabriel/Desktop/buildroot-clone/buildroot/output/host/aarch64-buildroot-linux-gnu/sysroot/usr/lib] ==> dir [/home/gabriel/Desktop/buildroot-clone/buildroot/output/host/aarch64-buildroot-linux-gnu/sysroot/usr/lib]
    arg [-zmax-page-size=4096] ==> ignore
    arg [-zcommon-page-size=4096] ==> ignore
    arg [-znow] ==> ignore
    arg [-zrelro] ==> ignore
    arg [CMakeFiles/cmTC_acbad.dir/CMakeCXXCompilerABI.cpp.o] ==> ignore
    arg [-lstdc++] ==> lib [stdc++]
    arg [-lm] ==> lib [m]
    arg [-lgcc_s] ==> lib [gcc_s]
    arg [-lgcc] ==> lib [gcc]
    arg [-lc] ==> lib [c]
    arg [-lgcc_s] ==> lib [gcc_s]
    arg [-lgcc] ==> lib [gcc]
    arg [/home/gabriel/Desktop/buildroot-clone/buildroot/output/host/lib/gcc/aarch64-buildroot-linux-gnu/11.3.0/crtendS.o] ==> obj [/home/gabriel/Desktop/buildroot-clone/buildroot/output/host/lib/gcc/aarch64-buildroot-linux-gnu/11.3.0/crtendS.o]
    arg [/home/gabriel/Desktop/buildroot-clone/buildroot/output/host/aarch64-buildroot-linux-gnu/sysroot/usr/lib/../lib64/crtn.o] ==> obj [/home/gabriel/Desktop/buildroot-clone/buildroot/output/host/aarch64-buildroot-linux-gnu/sysroot/usr/lib/../lib64/crtn.o]
  collapse obj [/home/gabriel/Desktop/buildroot-clone/buildroot/output/host/aarch64-buildroot-linux-gnu/sysroot/usr/lib/../lib64/Scrt1.o] ==> [/home/gabriel/Desktop/buildroot-clone/buildroot/output/host/aarch64-buildroot-linux-gnu/sysroot/usr/lib64/Scrt1.o]
  collapse obj [/home/gabriel/Desktop/buildroot-clone/buildroot/output/host/aarch64-buildroot-linux-gnu/sysroot/usr/lib/../lib64/crti.o] ==> [/home/gabriel/Desktop/buildroot-clone/buildroot/output/host/aarch64-buildroot-linux-gnu/sysroot/usr/lib64/crti.o]
  collapse obj [/home/gabriel/Desktop/buildroot-clone/buildroot/output/host/aarch64-buildroot-linux-gnu/sysroot/usr/lib/../lib64/crtn.o] ==> [/home/gabriel/Desktop/buildroot-clone/buildroot/output/host/aarch64-buildroot-linux-gnu/sysroot/usr/lib64/crtn.o]
  collapse library dir [/home/gabriel/Desktop/buildroot-clone/buildroot/output/host/lib/gcc/aarch64-buildroot-linux-gnu/11.3.0] ==> [/home/gabriel/Desktop/buildroot-clone/buildroot/output/host/lib/gcc/aarch64-buildroot-linux-gnu/11.3.0]
  collapse library dir [/home/gabriel/Desktop/buildroot-clone/buildroot/output/host/lib/gcc/aarch64-buildroot-linux-gnu/11.3.0/../../../../aarch64-buildroot-linux-gnu/lib/../lib64] ==> [/home/gabriel/Desktop/buildroot-clone/buildroot/output/host/aarch64-buildroot-linux-gnu/lib64]
  collapse library dir [/home/gabriel/Desktop/buildroot-clone/buildroot/output/host/aarch64-buildroot-linux-gnu/sysroot/lib/../lib64] ==> [/home/gabriel/Desktop/buildroot-clone/buildroot/output/host/aarch64-buildroot-linux-gnu/sysroot/lib64]
  collapse library dir [/home/gabriel/Desktop/buildroot-clone/buildroot/output/host/aarch64-buildroot-linux-gnu/sysroot/usr/lib/../lib64] ==> [/home/gabriel/Desktop/buildroot-clone/buildroot/output/host/aarch64-buildroot-linux-gnu/sysroot/usr/lib64]
  collapse library dir [/home/gabriel/Desktop/buildroot-clone/buildroot/output/host/lib/gcc/aarch64-buildroot-linux-gnu/11.3.0/../../../../aarch64-buildroot-linux-gnu/lib] ==> [/home/gabriel/Desktop/buildroot-clone/buildroot/output/host/aarch64-buildroot-linux-gnu/lib]
  collapse library dir [/home/gabriel/Desktop/buildroot-clone/buildroot/output/host/aarch64-buildroot-linux-gnu/sysroot/lib] ==> [/home/gabriel/Desktop/buildroot-clone/buildroot/output/host/aarch64-buildroot-linux-gnu/sysroot/lib]
  collapse library dir [/home/gabriel/Desktop/buildroot-clone/buildroot/output/host/aarch64-buildroot-linux-gnu/sysroot/usr/lib] ==> [/home/gabriel/Desktop/buildroot-clone/buildroot/output/host/aarch64-buildroot-linux-gnu/sysroot/usr/lib]
  implicit libs: [stdc++;m;gcc_s;gcc;c;gcc_s;gcc]
  implicit objs: [/home/gabriel/Desktop/buildroot-clone/buildroot/output/host/aarch64-buildroot-linux-gnu/sysroot/usr/lib64/Scrt1.o;/home/gabriel/Desktop/buildroot-clone/buildroot/output/host/aarch64-buildroot-linux-gnu/sysroot/usr/lib64/crti.o;/home/gabriel/Desktop/buildroot-clone/buildroot/output/host/lib/gcc/aarch64-buildroot-linux-gnu/11.3.0/crtbeginS.o;/home/gabriel/Desktop/buildroot-clone/buildroot/output/host/lib/gcc/aarch64-buildroot-linux-gnu/11.3.0/crtendS.o;/home/gabriel/Desktop/buildroot-clone/buildroot/output/host/aarch64-buildroot-linux-gnu/sysroot/usr/lib64/crtn.o]
  implicit dirs: [/home/gabriel/Desktop/buildroot-clone/buildroot/output/host/lib/gcc/aarch64-buildroot-linux-gnu/11.3.0;/home/gabriel/Desktop/buildroot-clone/buildroot/output/host/aarch64-buildroot-linux-gnu/lib64;/home/gabriel/Desktop/buildroot-clone/buildroot/output/host/aarch64-buildroot-linux-gnu/sysroot/lib64;/home/gabriel/Desktop/buildroot-clone/buildroot/output/host/aarch64-buildroot-linux-gnu/sysroot/usr/lib64;/home/gabriel/Desktop/buildroot-clone/buildroot/output/host/aarch64-buildroot-linux-gnu/lib;/home/gabriel/Desktop/buildroot-clone/buildroot/output/host/aarch64-buildroot-linux-gnu/sysroot/lib;/home/gabriel/Desktop/buildroot-clone/buildroot/output/host/aarch64-buildroot-linux-gnu/sysroot/usr/lib]
  implicit fwks: []


